SF:/home/studioai/.nuget/packages/microsoft.net.test.sdk/17.8.0/build/netcoreapp3.1/Microsoft.NET.Test.Sdk.Program.cs
FN:3,System.Void AutoGeneratedProgram::Main(System.String[])
FNDA:0,System.Void AutoGeneratedProgram::Main(System.String[])
DA:4,0
LF:1
LH:0
BRF:0
BRH:0
FNF:1
FNH:0
end_of_record
SF:/modernize-data/studio-data/TNT1001/APP1940/transformed-code/42/studio-workspace/comp_backend/src/eShop.Infrastructure/Tests/Repositories/CatalogBrandRepositoryTests.cs
FN:29,System.Void eShop.Infrastructure.Tests.Repositories.CatalogBrandRepositoryTests::Constructor_WithNullContext_ShouldThrowArgumentNullException()
FNDA:0,System.Void eShop.Infrastructure.Tests.Repositories.CatalogBrandRepositoryTests::Constructor_WithNullContext_ShouldThrowArgumentNullException()
DA:30,0
DA:32,0
DA:33,0
FN:36,System.Void eShop.Infrastructure.Tests.Repositories.CatalogBrandRepositoryTests::Constructor_WithNullLogger_ShouldThrowArgumentNullException()
FNDA:0,System.Void eShop.Infrastructure.Tests.Repositories.CatalogBrandRepositoryTests::Constructor_WithNullLogger_ShouldThrowArgumentNullException()
DA:37,0
DA:39,0
DA:42,0
DA:43,0
FN:46,System.Void eShop.Infrastructure.Tests.Repositories.CatalogBrandRepositoryTests::Constructor_WithValidParameters_ShouldCreateInstance()
FNDA:0,System.Void eShop.Infrastructure.Tests.Repositories.CatalogBrandRepositoryTests::Constructor_WithValidParameters_ShouldCreateInstance()
DA:47,0
DA:49,0
DA:52,0
DA:55,0
DA:56,0
FN:19,System.Void eShop.Infrastructure.Tests.Repositories.CatalogBrandRepositoryTests::.ctor()
FNDA:0,System.Void eShop.Infrastructure.Tests.Repositories.CatalogBrandRepositoryTests::.ctor()
DA:20,0
DA:21,0
DA:22,0
DA:23,0
DA:24,0
DA:25,0
DA:26,0
FN:59,System.Void eShop.Infrastructure.Tests.Repositories.CatalogBrandRepositoryTests/<GetAllAsync_ShouldReturnAllBrands>d__6::MoveNext()
FNDA:0,System.Void eShop.Infrastructure.Tests.Repositories.CatalogBrandRepositoryTests/<GetAllAsync_ShouldReturnAllBrands>d__6::MoveNext()
DA:60,0
DA:62,0
DA:63,0
DA:65,0
DA:66,0
DA:67,0
DA:70,0
DA:73,0
DA:74,0
DA:75,0
FN:166,System.Void eShop.Infrastructure.Tests.Repositories.CatalogBrandRepositoryTests/<GetAllAsync_ShouldReturnBrandsInOrder>d__12::MoveNext()
FNDA:0,System.Void eShop.Infrastructure.Tests.Repositories.CatalogBrandRepositoryTests/<GetAllAsync_ShouldReturnBrandsInOrder>d__12::MoveNext()
DA:167,0
DA:169,0
DA:170,0
DA:172,0
DA:173,0
DA:174,0
DA:175,0
DA:178,0
DA:181,0
DA:182,0
DA:183,0
FN:214,System.Void eShop.Infrastructure.Tests.Repositories.CatalogBrandRepositoryTests/<GetAllAsync_ShouldUseAsNoTracking>d__15::MoveNext()
FNDA:0,System.Void eShop.Infrastructure.Tests.Repositories.CatalogBrandRepositoryTests/<GetAllAsync_ShouldUseAsNoTracking>d__15::MoveNext()
DA:215,0
DA:217,0
DA:218,0
DA:220,0
DA:221,0
DA:222,0
DA:225,0
DA:226,0
DA:227,0
DA:230,0
DA:231,0
DA:232,0
FN:78,System.Void eShop.Infrastructure.Tests.Repositories.CatalogBrandRepositoryTests/<GetAllAsync_WhenNoBrands_ShouldReturnEmptyList>d__7::MoveNext()
FNDA:0,System.Void eShop.Infrastructure.Tests.Repositories.CatalogBrandRepositoryTests/<GetAllAsync_WhenNoBrands_ShouldReturnEmptyList>d__7::MoveNext()
DA:79,0
DA:81,0
DA:82,0
DA:85,0
DA:88,0
DA:89,0
DA:90,0
FN:127,System.Void eShop.Infrastructure.Tests.Repositories.CatalogBrandRepositoryTests/<GetAllAsync_WithCancellationToken_ShouldSupportCancellation>d__10::MoveNext()
FNDA:0,System.Void eShop.Infrastructure.Tests.Repositories.CatalogBrandRepositoryTests/<GetAllAsync_WithCancellationToken_ShouldSupportCancellation>d__10::MoveNext()
DA:128,0
DA:130,0
DA:131,0
DA:132,0
DA:134,0
DA:135,0
DA:138,0
DA:141,0
DA:142,0
DA:143,0
FN:146,System.Void eShop.Infrastructure.Tests.Repositories.CatalogBrandRepositoryTests/<GetByIdAsync_WithCancellationToken_ShouldSupportCancellation>d__11::MoveNext()
FNDA:0,System.Void eShop.Infrastructure.Tests.Repositories.CatalogBrandRepositoryTests/<GetByIdAsync_WithCancellationToken_ShouldSupportCancellation>d__11::MoveNext()
DA:147,0
DA:149,0
DA:150,0
DA:151,0
DA:153,0
DA:154,0
DA:155,0
DA:158,0
DA:161,0
DA:162,0
DA:163,0
FN:93,System.Void eShop.Infrastructure.Tests.Repositories.CatalogBrandRepositoryTests/<GetByIdAsync_WithExistingId_ShouldReturnBrand>d__8::MoveNext()
FNDA:0,System.Void eShop.Infrastructure.Tests.Repositories.CatalogBrandRepositoryTests/<GetByIdAsync_WithExistingId_ShouldReturnBrand>d__8::MoveNext()
DA:94,0
DA:96,0
DA:97,0
DA:99,0
DA:100,0
DA:101,0
DA:104,0
DA:107,0
DA:108,0
DA:109,0
DA:110,0
FN:200,System.Void eShop.Infrastructure.Tests.Repositories.CatalogBrandRepositoryTests/<GetByIdAsync_WithNegativeId_ShouldReturnNull>d__14::MoveNext()
FNDA:0,System.Void eShop.Infrastructure.Tests.Repositories.CatalogBrandRepositoryTests/<GetByIdAsync_WithNegativeId_ShouldReturnNull>d__14::MoveNext()
DA:201,0
DA:203,0
DA:204,0
DA:207,0
DA:210,0
DA:211,0
FN:113,System.Void eShop.Infrastructure.Tests.Repositories.CatalogBrandRepositoryTests/<GetByIdAsync_WithNonExistingId_ShouldReturnNull>d__9::MoveNext()
FNDA:0,System.Void eShop.Infrastructure.Tests.Repositories.CatalogBrandRepositoryTests/<GetByIdAsync_WithNonExistingId_ShouldReturnNull>d__9::MoveNext()
DA:114,0
DA:116,0
DA:117,0
DA:120,0
DA:123,0
DA:124,0
FN:186,System.Void eShop.Infrastructure.Tests.Repositories.CatalogBrandRepositoryTests/<GetByIdAsync_WithZeroId_ShouldReturnNull>d__13::MoveNext()
FNDA:0,System.Void eShop.Infrastructure.Tests.Repositories.CatalogBrandRepositoryTests/<GetByIdAsync_WithZeroId_ShouldReturnNull>d__13::MoveNext()
DA:187,0
DA:189,0
DA:190,0
DA:193,0
DA:196,0
DA:197,0
LF:109
LH:0
BRF:0
BRH:0
FNF:14
FNH:0
end_of_record
SF:/modernize-data/studio-data/TNT1001/APP1940/transformed-code/42/studio-workspace/comp_backend/src/eShop.Infrastructure/Tests/Repositories/CatalogItemRepositoryTests.cs
FN:29,System.Void eShop.Infrastructure.Tests.Repositories.CatalogItemRepositoryTests::Constructor_WithNullContext_ShouldThrowArgumentNullException()
FNDA:0,System.Void eShop.Infrastructure.Tests.Repositories.CatalogItemRepositoryTests::Constructor_WithNullContext_ShouldThrowArgumentNullException()
DA:30,0
DA:32,0
DA:33,0
FN:36,System.Void eShop.Infrastructure.Tests.Repositories.CatalogItemRepositoryTests::Constructor_WithNullLogger_ShouldThrowArgumentNullException()
FNDA:0,System.Void eShop.Infrastructure.Tests.Repositories.CatalogItemRepositoryTests::Constructor_WithNullLogger_ShouldThrowArgumentNullException()
DA:37,0
DA:39,0
DA:42,0
DA:43,0
FN:46,System.Void eShop.Infrastructure.Tests.Repositories.CatalogItemRepositoryTests::Constructor_WithValidParameters_ShouldCreateInstance()
FNDA:0,System.Void eShop.Infrastructure.Tests.Repositories.CatalogItemRepositoryTests::Constructor_WithValidParameters_ShouldCreateInstance()
DA:47,0
DA:49,0
DA:52,0
DA:55,0
DA:56,0
FN:19,System.Void eShop.Infrastructure.Tests.Repositories.CatalogItemRepositoryTests::.ctor()
FNDA:0,System.Void eShop.Infrastructure.Tests.Repositories.CatalogItemRepositoryTests::.ctor()
DA:20,0
DA:21,0
DA:22,0
DA:23,0
DA:24,0
DA:25,0
DA:26,0
FN:280,System.Threading.Tasks.Task eShop.Infrastructure.Tests.Repositories.CatalogItemRepositoryTests/<>c__DisplayClass15_0::<DeleteAsync_WithNonExistingItem_ShouldNotThrow>b__0()
FNDA:0,System.Threading.Tasks.Task eShop.Infrastructure.Tests.Repositories.CatalogItemRepositoryTests/<>c__DisplayClass15_0::<DeleteAsync_WithNonExistingItem_ShouldNotThrow>b__0()
DA:281,0
FN:193,System.Void eShop.Infrastructure.Tests.Repositories.CatalogItemRepositoryTests/<AddAsync_ShouldAddItemAndReturnIt>d__12::MoveNext()
FNDA:0,System.Void eShop.Infrastructure.Tests.Repositories.CatalogItemRepositoryTests/<AddAsync_ShouldAddItemAndReturnIt>d__12::MoveNext()
DA:194,0
DA:196,0
DA:197,0
DA:199,0
DA:200,0
DA:201,0
DA:202,0
DA:203,0
DA:205,0
DA:208,0
DA:211,0
DA:212,0
DA:213,0
DA:215,0
DA:216,0
DA:217,0
FN:249,System.Void eShop.Infrastructure.Tests.Repositories.CatalogItemRepositoryTests/<DeleteAsync_WithExistingItem_ShouldRemoveItem>d__14::MoveNext()
FNDA:0,System.Void eShop.Infrastructure.Tests.Repositories.CatalogItemRepositoryTests/<DeleteAsync_WithExistingItem_ShouldRemoveItem>d__14::MoveNext()
DA:250,0
DA:252,0
DA:253,0
DA:255,0
DA:256,0
DA:257,0
DA:258,0
DA:259,0
DA:261,0
DA:262,0
DA:263,0
DA:266,0
DA:269,0
DA:270,0
DA:271,0
FN:274,System.Void eShop.Infrastructure.Tests.Repositories.CatalogItemRepositoryTests/<DeleteAsync_WithNonExistingItem_ShouldNotThrow>d__15::MoveNext()
FNDA:0,System.Void eShop.Infrastructure.Tests.Repositories.CatalogItemRepositoryTests/<DeleteAsync_WithNonExistingItem_ShouldNotThrow>d__15::MoveNext()
DA:275,0
DA:277,0
DA:278,0
DA:282,0
DA:283,0
FN:286,System.Void eShop.Infrastructure.Tests.Repositories.CatalogItemRepositoryTests/<ExistsAsync_WithExistingItem_ShouldReturnTrue>d__16::MoveNext()
FNDA:0,System.Void eShop.Infrastructure.Tests.Repositories.CatalogItemRepositoryTests/<ExistsAsync_WithExistingItem_ShouldReturnTrue>d__16::MoveNext()
DA:287,0
DA:289,0
DA:290,0
DA:292,0
DA:293,0
DA:294,0
DA:295,0
DA:296,0
DA:298,0
DA:299,0
DA:300,0
DA:303,0
DA:306,0
DA:307,0
FN:310,System.Void eShop.Infrastructure.Tests.Repositories.CatalogItemRepositoryTests/<ExistsAsync_WithNonExistingItem_ShouldReturnFalse>d__17::MoveNext()
FNDA:0,System.Void eShop.Infrastructure.Tests.Repositories.CatalogItemRepositoryTests/<ExistsAsync_WithNonExistingItem_ShouldReturnFalse>d__17::MoveNext()
DA:311,0
DA:313,0
DA:314,0
DA:317,0
DA:320,0
DA:321,0
FN:59,System.Void eShop.Infrastructure.Tests.Repositories.CatalogItemRepositoryTests/<GetAllAsync_ShouldReturnAllItems>d__6::MoveNext()
FNDA:0,System.Void eShop.Infrastructure.Tests.Repositories.CatalogItemRepositoryTests/<GetAllAsync_ShouldReturnAllItems>d__6::MoveNext()
DA:60,0
DA:62,0
DA:63,0
DA:65,0
DA:66,0
DA:67,0
DA:68,0
DA:69,0
DA:71,0
DA:72,0
DA:73,0
DA:76,0
DA:79,0
DA:80,0
DA:81,0
FN:84,System.Void eShop.Infrastructure.Tests.Repositories.CatalogItemRepositoryTests/<GetAllAsync_WhenNoItems_ShouldReturnEmptyList>d__7::MoveNext()
FNDA:0,System.Void eShop.Infrastructure.Tests.Repositories.CatalogItemRepositoryTests/<GetAllAsync_WhenNoItems_ShouldReturnEmptyList>d__7::MoveNext()
DA:85,0
DA:87,0
DA:88,0
DA:91,0
DA:94,0
DA:95,0
DA:96,0
FN:324,System.Void eShop.Infrastructure.Tests.Repositories.CatalogItemRepositoryTests/<GetAllAsync_WithCancellationToken_ShouldSupportCancellation>d__18::MoveNext()
FNDA:0,System.Void eShop.Infrastructure.Tests.Repositories.CatalogItemRepositoryTests/<GetAllAsync_WithCancellationToken_ShouldSupportCancellation>d__18::MoveNext()
DA:325,0
DA:327,0
DA:328,0
DA:329,0
DA:332,0
DA:335,0
DA:336,0
FN:99,System.Void eShop.Infrastructure.Tests.Repositories.CatalogItemRepositoryTests/<GetByIdAsync_WithExistingId_ShouldReturnItem>d__8::MoveNext()
FNDA:0,System.Void eShop.Infrastructure.Tests.Repositories.CatalogItemRepositoryTests/<GetByIdAsync_WithExistingId_ShouldReturnItem>d__8::MoveNext()
DA:100,0
DA:102,0
DA:103,0
DA:105,0
DA:106,0
DA:107,0
DA:108,0
DA:109,0
DA:111,0
DA:112,0
DA:113,0
DA:116,0
DA:119,0
DA:120,0
DA:121,0
DA:122,0
FN:125,System.Void eShop.Infrastructure.Tests.Repositories.CatalogItemRepositoryTests/<GetByIdAsync_WithNonExistingId_ShouldReturnNull>d__9::MoveNext()
FNDA:0,System.Void eShop.Infrastructure.Tests.Repositories.CatalogItemRepositoryTests/<GetByIdAsync_WithNonExistingId_ShouldReturnNull>d__9::MoveNext()
DA:126,0
DA:128,0
DA:129,0
DA:132,0
DA:135,0
DA:136,0
FN:139,System.Void eShop.Infrastructure.Tests.Repositories.CatalogItemRepositoryTests/<GetPaginatedAsync_ShouldReturnCorrectPageAndCount>d__10::MoveNext()
FNDA:0,System.Void eShop.Infrastructure.Tests.Repositories.CatalogItemRepositoryTests/<GetPaginatedAsync_ShouldReturnCorrectPageAndCount>d__10::MoveNext()
DA:140,0
DA:142,0
DA:143,0
DA:145,0
DA:146,0
DA:147,0
DA:148,0
DA:149,0
DA:151,0
DA:152,0
DA:153,0
DA:154,0
DA:155,0
DA:158,0
DA:161,0
DA:162,0
DA:163,0
BRDA:151,838,1,0
BRDA:151,838,0,0
FN:166,System.Void eShop.Infrastructure.Tests.Repositories.CatalogItemRepositoryTests/<GetPaginatedAsync_WithSecondPage_ShouldReturnCorrectItems>d__11::MoveNext()
FNDA:0,System.Void eShop.Infrastructure.Tests.Repositories.CatalogItemRepositoryTests/<GetPaginatedAsync_WithSecondPage_ShouldReturnCorrectItems>d__11::MoveNext()
DA:167,0
DA:169,0
DA:170,0
DA:172,0
DA:173,0
DA:174,0
DA:175,0
DA:176,0
DA:178,0
DA:179,0
DA:180,0
DA:181,0
DA:182,0
DA:185,0
DA:188,0
DA:189,0
DA:190,0
BRDA:178,838,1,0
BRDA:178,838,0,0
FN:220,System.Void eShop.Infrastructure.Tests.Repositories.CatalogItemRepositoryTests/<UpdateAsync_ShouldUpdateItem>d__13::MoveNext()
FNDA:0,System.Void eShop.Infrastructure.Tests.Repositories.CatalogItemRepositoryTests/<UpdateAsync_ShouldUpdateItem>d__13::MoveNext()
DA:221,0
DA:223,0
DA:224,0
DA:226,0
DA:227,0
DA:228,0
DA:229,0
DA:230,0
DA:232,0
DA:233,0
DA:234,0
DA:237,0
DA:238,0
DA:239,0
DA:242,0
DA:243,0
DA:244,0
DA:245,0
DA:246,0
LF:180
LH:0
BRF:4
BRH:0
FNF:18
FNH:0
end_of_record
SF:/modernize-data/studio-data/TNT1001/APP1940/transformed-code/42/studio-workspace/comp_backend/src/eShop.Infrastructure/Tests/Repositories/CatalogTypeRepositoryTests.cs
FN:29,System.Void eShop.Infrastructure.Tests.Repositories.CatalogTypeRepositoryTests::Constructor_WithNullContext_ShouldThrowArgumentNullException()
FNDA:0,System.Void eShop.Infrastructure.Tests.Repositories.CatalogTypeRepositoryTests::Constructor_WithNullContext_ShouldThrowArgumentNullException()
DA:30,0
DA:32,0
DA:33,0
FN:36,System.Void eShop.Infrastructure.Tests.Repositories.CatalogTypeRepositoryTests::Constructor_WithNullLogger_ShouldThrowArgumentNullException()
FNDA:0,System.Void eShop.Infrastructure.Tests.Repositories.CatalogTypeRepositoryTests::Constructor_WithNullLogger_ShouldThrowArgumentNullException()
DA:37,0
DA:39,0
DA:42,0
DA:43,0
FN:46,System.Void eShop.Infrastructure.Tests.Repositories.CatalogTypeRepositoryTests::Constructor_WithValidParameters_ShouldCreateInstance()
FNDA:0,System.Void eShop.Infrastructure.Tests.Repositories.CatalogTypeRepositoryTests::Constructor_WithValidParameters_ShouldCreateInstance()
DA:47,0
DA:49,0
DA:52,0
DA:55,0
DA:56,0
FN:19,System.Void eShop.Infrastructure.Tests.Repositories.CatalogTypeRepositoryTests::.ctor()
FNDA:0,System.Void eShop.Infrastructure.Tests.Repositories.CatalogTypeRepositoryTests::.ctor()
DA:20,0
DA:21,0
DA:22,0
DA:23,0
DA:24,0
DA:25,0
DA:26,0
FN:59,System.Void eShop.Infrastructure.Tests.Repositories.CatalogTypeRepositoryTests/<GetAllAsync_ShouldReturnAllTypes>d__6::MoveNext()
FNDA:0,System.Void eShop.Infrastructure.Tests.Repositories.CatalogTypeRepositoryTests/<GetAllAsync_ShouldReturnAllTypes>d__6::MoveNext()
DA:60,0
DA:62,0
DA:63,0
DA:65,0
DA:66,0
DA:67,0
DA:70,0
DA:73,0
DA:74,0
DA:75,0
FN:166,System.Void eShop.Infrastructure.Tests.Repositories.CatalogTypeRepositoryTests/<GetAllAsync_ShouldReturnTypesInOrder>d__12::MoveNext()
FNDA:0,System.Void eShop.Infrastructure.Tests.Repositories.CatalogTypeRepositoryTests/<GetAllAsync_ShouldReturnTypesInOrder>d__12::MoveNext()
DA:167,0
DA:169,0
DA:170,0
DA:172,0
DA:173,0
DA:174,0
DA:175,0
DA:178,0
DA:181,0
DA:182,0
DA:183,0
FN:214,System.Void eShop.Infrastructure.Tests.Repositories.CatalogTypeRepositoryTests/<GetAllAsync_ShouldUseAsNoTracking>d__15::MoveNext()
FNDA:0,System.Void eShop.Infrastructure.Tests.Repositories.CatalogTypeRepositoryTests/<GetAllAsync_ShouldUseAsNoTracking>d__15::MoveNext()
DA:215,0
DA:217,0
DA:218,0
DA:220,0
DA:221,0
DA:222,0
DA:225,0
DA:226,0
DA:227,0
DA:230,0
DA:231,0
DA:232,0
FN:78,System.Void eShop.Infrastructure.Tests.Repositories.CatalogTypeRepositoryTests/<GetAllAsync_WhenNoTypes_ShouldReturnEmptyList>d__7::MoveNext()
FNDA:0,System.Void eShop.Infrastructure.Tests.Repositories.CatalogTypeRepositoryTests/<GetAllAsync_WhenNoTypes_ShouldReturnEmptyList>d__7::MoveNext()
DA:79,0
DA:81,0
DA:82,0
DA:85,0
DA:88,0
DA:89,0
DA:90,0
FN:127,System.Void eShop.Infrastructure.Tests.Repositories.CatalogTypeRepositoryTests/<GetAllAsync_WithCancellationToken_ShouldSupportCancellation>d__10::MoveNext()
FNDA:0,System.Void eShop.Infrastructure.Tests.Repositories.CatalogTypeRepositoryTests/<GetAllAsync_WithCancellationToken_ShouldSupportCancellation>d__10::MoveNext()
DA:128,0
DA:130,0
DA:131,0
DA:132,0
DA:134,0
DA:135,0
DA:138,0
DA:141,0
DA:142,0
DA:143,0
FN:235,System.Void eShop.Infrastructure.Tests.Repositories.CatalogTypeRepositoryTests/<GetAllAsync_WithMultipleTypes_ShouldReturnAll>d__16::MoveNext()
FNDA:0,System.Void eShop.Infrastructure.Tests.Repositories.CatalogTypeRepositoryTests/<GetAllAsync_WithMultipleTypes_ShouldReturnAll>d__16::MoveNext()
DA:236,0
DA:238,0
DA:239,0
DA:241,0
DA:242,0
DA:243,0
DA:244,0
DA:245,0
DA:248,0
DA:251,0
DA:252,0
DA:253,0
BRDA:241,327,1,0
BRDA:241,327,0,0
FN:146,System.Void eShop.Infrastructure.Tests.Repositories.CatalogTypeRepositoryTests/<GetByIdAsync_WithCancellationToken_ShouldSupportCancellation>d__11::MoveNext()
FNDA:0,System.Void eShop.Infrastructure.Tests.Repositories.CatalogTypeRepositoryTests/<GetByIdAsync_WithCancellationToken_ShouldSupportCancellation>d__11::MoveNext()
DA:147,0
DA:149,0
DA:150,0
DA:151,0
DA:153,0
DA:154,0
DA:155,0
DA:158,0
DA:161,0
DA:162,0
DA:163,0
FN:93,System.Void eShop.Infrastructure.Tests.Repositories.CatalogTypeRepositoryTests/<GetByIdAsync_WithExistingId_ShouldReturnType>d__8::MoveNext()
FNDA:0,System.Void eShop.Infrastructure.Tests.Repositories.CatalogTypeRepositoryTests/<GetByIdAsync_WithExistingId_ShouldReturnType>d__8::MoveNext()
DA:94,0
DA:96,0
DA:97,0
DA:99,0
DA:100,0
DA:101,0
DA:104,0
DA:107,0
DA:108,0
DA:109,0
DA:110,0
FN:200,System.Void eShop.Infrastructure.Tests.Repositories.CatalogTypeRepositoryTests/<GetByIdAsync_WithNegativeId_ShouldReturnNull>d__14::MoveNext()
FNDA:0,System.Void eShop.Infrastructure.Tests.Repositories.CatalogTypeRepositoryTests/<GetByIdAsync_WithNegativeId_ShouldReturnNull>d__14::MoveNext()
DA:201,0
DA:203,0
DA:204,0
DA:207,0
DA:210,0
DA:211,0
FN:113,System.Void eShop.Infrastructure.Tests.Repositories.CatalogTypeRepositoryTests/<GetByIdAsync_WithNonExistingId_ShouldReturnNull>d__9::MoveNext()
FNDA:0,System.Void eShop.Infrastructure.Tests.Repositories.CatalogTypeRepositoryTests/<GetByIdAsync_WithNonExistingId_ShouldReturnNull>d__9::MoveNext()
DA:114,0
DA:116,0
DA:117,0
DA:120,0
DA:123,0
DA:124,0
FN:186,System.Void eShop.Infrastructure.Tests.Repositories.CatalogTypeRepositoryTests/<GetByIdAsync_WithZeroId_ShouldReturnNull>d__13::MoveNext()
FNDA:0,System.Void eShop.Infrastructure.Tests.Repositories.CatalogTypeRepositoryTests/<GetByIdAsync_WithZeroId_ShouldReturnNull>d__13::MoveNext()
DA:187,0
DA:189,0
DA:190,0
DA:193,0
DA:196,0
DA:197,0
LF:121
LH:0
BRF:2
BRH:0
FNF:15
FNH:0
end_of_record
SF:/modernize-data/studio-data/TNT1001/APP1940/transformed-code/42/studio-workspace/comp_backend/src/eShop.Infrastructure/Tests/Data/CatalogDbContextTests.cs
FN:11,Microsoft.EntityFrameworkCore.DbContextOptions`1<eShop.Infrastructure.Data.CatalogDbContext> eShop.Infrastructure.Tests.Data.CatalogDbContextTests::CreateNewContextOptions()
FNDA:0,Microsoft.EntityFrameworkCore.DbContextOptions`1<eShop.Infrastructure.Data.CatalogDbContext> eShop.Infrastructure.Tests.Data.CatalogDbContextTests::CreateNewContextOptions()
DA:12,0
DA:13,0
DA:14,0
DA:15,0
DA:16,0
FN:19,System.Void eShop.Infrastructure.Tests.Data.CatalogDbContextTests::Constructor_WithValidOptions_ShouldCreateInstance()
FNDA:0,System.Void eShop.Infrastructure.Tests.Data.CatalogDbContextTests::Constructor_WithValidOptions_ShouldCreateInstance()
DA:20,0
DA:22,0
DA:25,0
DA:28,0
DA:29,0
FN:32,System.Void eShop.Infrastructure.Tests.Data.CatalogDbContextTests::CatalogItems_ShouldBeInitialized()
FNDA:0,System.Void eShop.Infrastructure.Tests.Data.CatalogDbContextTests::CatalogItems_ShouldBeInitialized()
DA:33,0
DA:35,0
DA:38,0
DA:41,0
DA:42,0
FN:45,System.Void eShop.Infrastructure.Tests.Data.CatalogDbContextTests::CatalogBrands_ShouldBeInitialized()
FNDA:0,System.Void eShop.Infrastructure.Tests.Data.CatalogDbContextTests::CatalogBrands_ShouldBeInitialized()
DA:46,0
DA:48,0
DA:51,0
DA:54,0
DA:55,0
FN:58,System.Void eShop.Infrastructure.Tests.Data.CatalogDbContextTests::CatalogTypes_ShouldBeInitialized()
FNDA:0,System.Void eShop.Infrastructure.Tests.Data.CatalogDbContextTests::CatalogTypes_ShouldBeInitialized()
DA:59,0
DA:61,0
DA:64,0
DA:67,0
DA:68,0
FN:71,System.Void eShop.Infrastructure.Tests.Data.CatalogDbContextTests::CatalogItems_CanAddAndRetrieveItem()
FNDA:0,System.Void eShop.Infrastructure.Tests.Data.CatalogDbContextTests::CatalogItems_CanAddAndRetrieveItem()
DA:72,0
DA:74,0
DA:75,0
DA:76,0
DA:77,0
DA:78,0
DA:79,0
DA:80,0
DA:81,0
DA:84,0
DA:85,0
DA:86,0
DA:87,0
DA:88,0
DA:91,0
DA:92,0
DA:93,0
DA:94,0
DA:95,0
DA:96,0
DA:97,0
DA:98,0
FN:101,System.Void eShop.Infrastructure.Tests.Data.CatalogDbContextTests::CatalogBrands_CanAddAndRetrieveBrand()
FNDA:0,System.Void eShop.Infrastructure.Tests.Data.CatalogDbContextTests::CatalogBrands_CanAddAndRetrieveBrand()
DA:102,0
DA:104,0
DA:105,0
DA:106,0
DA:107,0
DA:108,0
DA:111,0
DA:112,0
DA:113,0
DA:114,0
DA:115,0
DA:118,0
DA:119,0
DA:120,0
DA:121,0
DA:122,0
DA:123,0
DA:124,0
FN:127,System.Void eShop.Infrastructure.Tests.Data.CatalogDbContextTests::CatalogTypes_CanAddAndRetrieveType()
FNDA:0,System.Void eShop.Infrastructure.Tests.Data.CatalogDbContextTests::CatalogTypes_CanAddAndRetrieveType()
DA:128,0
DA:130,0
DA:131,0
DA:132,0
DA:133,0
DA:134,0
DA:137,0
DA:138,0
DA:139,0
DA:140,0
DA:141,0
DA:144,0
DA:145,0
DA:146,0
DA:147,0
DA:148,0
DA:149,0
DA:150,0
FN:153,System.Void eShop.Infrastructure.Tests.Data.CatalogDbContextTests::CatalogItems_CanUpdateItem()
FNDA:0,System.Void eShop.Infrastructure.Tests.Data.CatalogDbContextTests::CatalogItems_CanUpdateItem()
DA:154,0
DA:156,0
DA:157,0
DA:158,0
DA:159,0
DA:160,0
DA:161,0
DA:162,0
DA:163,0
DA:165,0
DA:166,0
DA:167,0
DA:168,0
DA:169,0
DA:172,0
DA:173,0
DA:174,0
DA:175,0
DA:176,0
DA:177,0
DA:178,0
DA:181,0
DA:182,0
DA:183,0
DA:184,0
DA:185,0
DA:186,0
DA:187,0
FN:190,System.Void eShop.Infrastructure.Tests.Data.CatalogDbContextTests::CatalogItems_CanDeleteItem()
FNDA:0,System.Void eShop.Infrastructure.Tests.Data.CatalogDbContextTests::CatalogItems_CanDeleteItem()
DA:191,0
DA:193,0
DA:194,0
DA:195,0
DA:196,0
DA:197,0
DA:198,0
DA:199,0
DA:200,0
DA:202,0
DA:203,0
DA:204,0
DA:205,0
DA:206,0
DA:209,0
DA:210,0
DA:211,0
DA:212,0
DA:213,0
DA:214,0
DA:217,0
DA:218,0
DA:219,0
DA:220,0
DA:221,0
DA:222,0
FN:225,System.Void eShop.Infrastructure.Tests.Data.CatalogDbContextTests::CatalogItems_CanIncludeRelatedEntities()
FNDA:0,System.Void eShop.Infrastructure.Tests.Data.CatalogDbContextTests::CatalogItems_CanIncludeRelatedEntities()
DA:226,0
DA:228,0
DA:229,0
DA:230,0
DA:232,0
DA:233,0
DA:234,0
DA:235,0
DA:236,0
DA:238,0
DA:239,0
DA:240,0
DA:241,0
DA:242,0
DA:243,0
DA:244,0
DA:245,0
DA:246,0
DA:247,0
DA:250,0
DA:251,0
DA:252,0
DA:253,0
DA:254,0
DA:255,0
DA:257,0
DA:258,0
DA:259,0
DA:260,0
DA:261,0
DA:262,0
DA:263,0
FN:266,System.Void eShop.Infrastructure.Tests.Data.CatalogDbContextTests::SaveChanges_WithMultipleEntities_ShouldPersistAll()
FNDA:0,System.Void eShop.Infrastructure.Tests.Data.CatalogDbContextTests::SaveChanges_WithMultipleEntities_ShouldPersistAll()
DA:267,0
DA:269,0
DA:272,0
DA:273,0
DA:274,0
DA:275,0
DA:276,0
DA:277,0
DA:278,0
DA:279,0
DA:282,0
DA:283,0
DA:284,0
DA:285,0
DA:286,0
DA:287,0
FN:290,System.Void eShop.Infrastructure.Tests.Data.CatalogDbContextTests::DbContext_ShouldApplyConfigurationsFromAssembly()
FNDA:0,System.Void eShop.Infrastructure.Tests.Data.CatalogDbContextTests::DbContext_ShouldApplyConfigurationsFromAssembly()
DA:291,0
DA:293,0
DA:296,0
DA:297,0
DA:300,0
DA:301,0
DA:303,0
DA:304,0
DA:306,0
DA:307,0
DA:308,0
LF:196
LH:0
BRF:0
BRH:0
FNF:13
FNH:0
end_of_record
SF:/modernize-data/studio-data/TNT1001/APP1940/transformed-code/42/studio-workspace/comp_backend/src/eShop.Infrastructure/Repositories/CatalogBrandRepository.cs
FN:16,System.Void eShop.Infrastructure.Repositories.CatalogBrandRepository::.ctor(eShop.Infrastructure.Data.CatalogDbContext,Microsoft.Extensions.Logging.ILogger`1<eShop.Infrastructure.Repositories.CatalogBrandRepository>)
FNDA:0,System.Void eShop.Infrastructure.Repositories.CatalogBrandRepository::.ctor(eShop.Infrastructure.Data.CatalogDbContext,Microsoft.Extensions.Logging.ILogger`1<eShop.Infrastructure.Repositories.CatalogBrandRepository>)
DA:17,0
DA:18,0
DA:19,0
DA:20,0
DA:21,0
BRDA:19,11,0,0
BRDA:19,11,1,0
BRDA:20,33,0,0
BRDA:20,33,1,0
FN:23,System.Void eShop.Infrastructure.Repositories.CatalogBrandRepository/<GetAllAsync>d__3::MoveNext()
FNDA:0,System.Void eShop.Infrastructure.Repositories.CatalogBrandRepository/<GetAllAsync>d__3::MoveNext()
DA:24,0
DA:26,0
DA:27,0
DA:28,0
DA:29,0
DA:31,0
DA:32,0
DA:33,0
DA:34,0
DA:36,0
FN:38,System.Void eShop.Infrastructure.Repositories.CatalogBrandRepository/<GetByIdAsync>d__4::MoveNext()
FNDA:0,System.Void eShop.Infrastructure.Repositories.CatalogBrandRepository/<GetByIdAsync>d__4::MoveNext()
DA:39,0
DA:41,0
DA:42,0
DA:43,0
DA:44,0
DA:46,0
DA:47,0
DA:48,0
DA:49,0
DA:51,0
LF:25
LH:0
BRF:4
BRH:0
FNF:3
FNH:0
end_of_record
SF:/modernize-data/studio-data/TNT1001/APP1940/transformed-code/42/studio-workspace/comp_backend/src/eShop.Infrastructure/Repositories/CatalogItemRepository.cs
FN:16,System.Void eShop.Infrastructure.Repositories.CatalogItemRepository::.ctor(eShop.Infrastructure.Data.CatalogDbContext,Microsoft.Extensions.Logging.ILogger`1<eShop.Infrastructure.Repositories.CatalogItemRepository>)
FNDA:0,System.Void eShop.Infrastructure.Repositories.CatalogItemRepository::.ctor(eShop.Infrastructure.Data.CatalogDbContext,Microsoft.Extensions.Logging.ILogger`1<eShop.Infrastructure.Repositories.CatalogItemRepository>)
DA:17,0
DA:18,0
DA:19,0
DA:20,0
DA:21,0
BRDA:19,11,0,0
BRDA:19,11,1,0
BRDA:20,33,0,0
BRDA:20,33,1,0
FN:84,System.Void eShop.Infrastructure.Repositories.CatalogItemRepository/<AddAsync>d__6::MoveNext()
FNDA:0,System.Void eShop.Infrastructure.Repositories.CatalogItemRepository/<AddAsync>d__6::MoveNext()
DA:85,0
DA:87,0
DA:88,0
DA:89,0
DA:90,0
DA:92,0
DA:93,0
DA:94,0
DA:95,0
DA:97,0
FN:113,System.Void eShop.Infrastructure.Repositories.CatalogItemRepository/<DeleteAsync>d__8::MoveNext()
FNDA:0,System.Void eShop.Infrastructure.Repositories.CatalogItemRepository/<DeleteAsync>d__8::MoveNext()
DA:114,0
DA:116,0
DA:117,0
DA:118,0
DA:119,0
DA:120,0
DA:121,0
DA:122,0
DA:123,0
DA:124,0
DA:125,0
DA:126,0
DA:127,0
DA:129,0
BRDA:118,213,0,0
BRDA:118,213,1,0
FN:131,System.Void eShop.Infrastructure.Repositories.CatalogItemRepository/<ExistsAsync>d__9::MoveNext()
FNDA:0,System.Void eShop.Infrastructure.Repositories.CatalogItemRepository/<ExistsAsync>d__9::MoveNext()
DA:132,0
DA:134,0
DA:135,0
DA:137,0
DA:138,0
DA:139,0
DA:140,0
DA:142,0
FN:23,System.Void eShop.Infrastructure.Repositories.CatalogItemRepository/<GetAllAsync>d__3::MoveNext()
FNDA:0,System.Void eShop.Infrastructure.Repositories.CatalogItemRepository/<GetAllAsync>d__3::MoveNext()
DA:24,0
DA:26,0
DA:27,0
DA:28,0
DA:29,0
DA:30,0
DA:31,0
DA:33,0
DA:34,0
DA:35,0
DA:36,0
DA:38,0
FN:40,System.Void eShop.Infrastructure.Repositories.CatalogItemRepository/<GetByIdAsync>d__4::MoveNext()
FNDA:0,System.Void eShop.Infrastructure.Repositories.CatalogItemRepository/<GetByIdAsync>d__4::MoveNext()
DA:41,0
DA:43,0
DA:44,0
DA:45,0
DA:46,0
DA:47,0
DA:48,0
DA:50,0
DA:51,0
DA:52,0
DA:53,0
DA:55,0
FN:60,System.Void eShop.Infrastructure.Repositories.CatalogItemRepository/<GetPaginatedAsync>d__5::MoveNext()
FNDA:0,System.Void eShop.Infrastructure.Repositories.CatalogItemRepository/<GetPaginatedAsync>d__5::MoveNext()
DA:61,0
DA:63,0
DA:64,0
DA:66,0
DA:67,0
DA:68,0
DA:69,0
DA:70,0
DA:71,0
DA:72,0
DA:73,0
DA:75,0
DA:77,0
DA:78,0
DA:79,0
DA:80,0
DA:82,0
FN:99,System.Void eShop.Infrastructure.Repositories.CatalogItemRepository/<UpdateAsync>d__7::MoveNext()
FNDA:0,System.Void eShop.Infrastructure.Repositories.CatalogItemRepository/<UpdateAsync>d__7::MoveNext()
DA:100,0
DA:102,0
DA:103,0
DA:104,0
DA:105,0
DA:106,0
DA:107,0
DA:108,0
DA:109,0
DA:111,0
LF:88
LH:0
BRF:6
BRH:0
FNF:8
FNH:0
end_of_record
SF:/modernize-data/studio-data/TNT1001/APP1940/transformed-code/42/studio-workspace/comp_backend/src/eShop.Infrastructure/Repositories/CatalogTypeRepository.cs
FN:16,System.Void eShop.Infrastructure.Repositories.CatalogTypeRepository::.ctor(eShop.Infrastructure.Data.CatalogDbContext,Microsoft.Extensions.Logging.ILogger`1<eShop.Infrastructure.Repositories.CatalogTypeRepository>)
FNDA:0,System.Void eShop.Infrastructure.Repositories.CatalogTypeRepository::.ctor(eShop.Infrastructure.Data.CatalogDbContext,Microsoft.Extensions.Logging.ILogger`1<eShop.Infrastructure.Repositories.CatalogTypeRepository>)
DA:17,0
DA:18,0
DA:19,0
DA:20,0
DA:21,0
BRDA:19,11,0,0
BRDA:19,11,1,0
BRDA:20,33,0,0
BRDA:20,33,1,0
FN:23,System.Void eShop.Infrastructure.Repositories.CatalogTypeRepository/<GetAllAsync>d__3::MoveNext()
FNDA:0,System.Void eShop.Infrastructure.Repositories.CatalogTypeRepository/<GetAllAsync>d__3::MoveNext()
DA:24,0
DA:26,0
DA:27,0
DA:28,0
DA:29,0
DA:31,0
DA:32,0
DA:33,0
DA:34,0
DA:36,0
FN:38,System.Void eShop.Infrastructure.Repositories.CatalogTypeRepository/<GetByIdAsync>d__4::MoveNext()
FNDA:0,System.Void eShop.Infrastructure.Repositories.CatalogTypeRepository/<GetByIdAsync>d__4::MoveNext()
DA:39,0
DA:41,0
DA:42,0
DA:43,0
DA:44,0
DA:46,0
DA:47,0
DA:48,0
DA:49,0
DA:51,0
LF:25
LH:0
BRF:4
BRH:0
FNF:3
FNH:0
end_of_record
SF:/modernize-data/studio-data/TNT1001/APP1940/transformed-code/42/studio-workspace/comp_backend/src/eShop.Infrastructure/Data/CatalogDbContext.cs
FN:14,Microsoft.EntityFrameworkCore.DbSet`1<eShop.Domain.Entities.CatalogItem> eShop.Infrastructure.Data.CatalogDbContext::get_CatalogItems()
FNDA:0,Microsoft.EntityFrameworkCore.DbSet`1<eShop.Domain.Entities.CatalogItem> eShop.Infrastructure.Data.CatalogDbContext::get_CatalogItems()
DA:15,0
FN:15,Microsoft.EntityFrameworkCore.DbSet`1<eShop.Domain.Entities.CatalogBrand> eShop.Infrastructure.Data.CatalogDbContext::get_CatalogBrands()
FNDA:0,Microsoft.EntityFrameworkCore.DbSet`1<eShop.Domain.Entities.CatalogBrand> eShop.Infrastructure.Data.CatalogDbContext::get_CatalogBrands()
DA:16,0
FN:16,Microsoft.EntityFrameworkCore.DbSet`1<eShop.Domain.Entities.CatalogType> eShop.Infrastructure.Data.CatalogDbContext::get_CatalogTypes()
FNDA:0,Microsoft.EntityFrameworkCore.DbSet`1<eShop.Domain.Entities.CatalogType> eShop.Infrastructure.Data.CatalogDbContext::get_CatalogTypes()
DA:17,0
FN:19,System.Void eShop.Infrastructure.Data.CatalogDbContext::OnModelCreating(Microsoft.EntityFrameworkCore.ModelBuilder)
FNDA:0,System.Void eShop.Infrastructure.Data.CatalogDbContext::OnModelCreating(Microsoft.EntityFrameworkCore.ModelBuilder)
DA:20,0
DA:21,0
DA:22,0
DA:23,0
FN:10,System.Void eShop.Infrastructure.Data.CatalogDbContext::.ctor(Microsoft.EntityFrameworkCore.DbContextOptions`1<eShop.Infrastructure.Data.CatalogDbContext>)
FNDA:0,System.Void eShop.Infrastructure.Data.CatalogDbContext::.ctor(Microsoft.EntityFrameworkCore.DbContextOptions`1<eShop.Infrastructure.Data.CatalogDbContext>)
DA:11,0
DA:12,0
DA:13,0
LF:10
LH:0
BRF:0
BRH:0
FNF:5
FNH:0
end_of_record
SF:/modernize-data/studio-data/TNT1001/APP1940/transformed-code/42/studio-workspace/comp_backend/src/eShop.Infrastructure/Data/Configurations/CatalogBrandConfiguration.cs
FN:12,System.Void eShop.Infrastructure.Data.Configurations.CatalogBrandConfiguration::Configure(Microsoft.EntityFrameworkCore.Metadata.Builders.EntityTypeBuilder`1<eShop.Domain.Entities.CatalogBrand>)
FNDA:0,System.Void eShop.Infrastructure.Data.Configurations.CatalogBrandConfiguration::Configure(Microsoft.EntityFrameworkCore.Metadata.Builders.EntityTypeBuilder`1<eShop.Domain.Entities.CatalogBrand>)
DA:13,0
DA:14,0
DA:16,0
DA:18,0
DA:19,0
DA:21,0
DA:22,0
DA:23,0
DA:24,0
LF:9
LH:0
BRF:0
BRH:0
FNF:1
FNH:0
end_of_record
SF:/modernize-data/studio-data/TNT1001/APP1940/transformed-code/42/studio-workspace/comp_backend/src/eShop.Infrastructure/Data/Configurations/CatalogItemConfiguration.cs
FN:12,System.Void eShop.Infrastructure.Data.Configurations.CatalogItemConfiguration::Configure(Microsoft.EntityFrameworkCore.Metadata.Builders.EntityTypeBuilder`1<eShop.Domain.Entities.CatalogItem>)
FNDA:0,System.Void eShop.Infrastructure.Data.Configurations.CatalogItemConfiguration::Configure(Microsoft.EntityFrameworkCore.Metadata.Builders.EntityTypeBuilder`1<eShop.Domain.Entities.CatalogItem>)
DA:13,0
DA:14,0
DA:16,0
DA:18,0
DA:19,0
DA:20,0
DA:22,0
DA:23,0
DA:24,0
DA:26,0
DA:27,0
DA:29,0
DA:30,0
DA:31,0
DA:33,0
DA:34,0
DA:35,0
DA:37,0
DA:39,0
DA:40,0
DA:41,0
DA:42,0
DA:44,0
DA:45,0
DA:46,0
DA:47,0
DA:49,0
DA:50,0
DA:52,0
DA:53,0
DA:55,0
DA:56,0
DA:58,0
DA:59,0
DA:60,0
LF:35
LH:0
BRF:0
BRH:0
FNF:1
FNH:0
end_of_record
SF:/modernize-data/studio-data/TNT1001/APP1940/transformed-code/42/studio-workspace/comp_backend/src/eShop.Infrastructure/Data/Configurations/CatalogTypeConfiguration.cs
FN:12,System.Void eShop.Infrastructure.Data.Configurations.CatalogTypeConfiguration::Configure(Microsoft.EntityFrameworkCore.Metadata.Builders.EntityTypeBuilder`1<eShop.Domain.Entities.CatalogType>)
FNDA:0,System.Void eShop.Infrastructure.Data.Configurations.CatalogTypeConfiguration::Configure(Microsoft.EntityFrameworkCore.Metadata.Builders.EntityTypeBuilder`1<eShop.Domain.Entities.CatalogType>)
DA:13,0
DA:14,0
DA:16,0
DA:18,0
DA:19,0
DA:21,0
DA:22,0
DA:23,0
DA:24,0
LF:9
LH:0
BRF:0
BRH:0
FNF:1
FNH:0
end_of_record
SF:/home/studioai/.nuget/packages/microsoft.net.test.sdk/17.8.0/build/netcoreapp3.1/Microsoft.NET.Test.Sdk.Program.cs
FN:3,System.Void AutoGeneratedProgram::Main(System.String[])
FNDA:0,System.Void AutoGeneratedProgram::Main(System.String[])
DA:4,0
LF:1
LH:0
BRF:0
BRH:0
FNF:1
FNH:0
end_of_record
SF:/modernize-data/studio-data/TNT1001/APP1940/transformed-code/42/studio-workspace/comp_backend/src/eShop.Application/Tests/Services/CatalogServiceTests.cs
FN:39,System.Void eShop.Application.Tests.Services.CatalogServiceTests::Constructor_WithNullCatalogItemRepository_ShouldThrowArgumentNullException()
FNDA:0,System.Void eShop.Application.Tests.Services.CatalogServiceTests::Constructor_WithNullCatalogItemRepository_ShouldThrowArgumentNullException()
DA:40,0
DA:42,0
DA:43,0
DA:44,0
DA:45,0
DA:46,0
DA:47,0
DA:48,0
FN:51,System.Void eShop.Application.Tests.Services.CatalogServiceTests::Constructor_WithNullCatalogBrandRepository_ShouldThrowArgumentNullException()
FNDA:0,System.Void eShop.Application.Tests.Services.CatalogServiceTests::Constructor_WithNullCatalogBrandRepository_ShouldThrowArgumentNullException()
DA:52,0
DA:54,0
DA:55,0
DA:56,0
DA:57,0
DA:58,0
DA:59,0
DA:60,0
FN:63,System.Void eShop.Application.Tests.Services.CatalogServiceTests::Constructor_WithNullCatalogTypeRepository_ShouldThrowArgumentNullException()
FNDA:0,System.Void eShop.Application.Tests.Services.CatalogServiceTests::Constructor_WithNullCatalogTypeRepository_ShouldThrowArgumentNullException()
DA:64,0
DA:66,0
DA:67,0
DA:68,0
DA:69,0
DA:70,0
DA:71,0
DA:72,0
FN:75,System.Void eShop.Application.Tests.Services.CatalogServiceTests::Constructor_WithNullLogger_ShouldThrowArgumentNullException()
FNDA:0,System.Void eShop.Application.Tests.Services.CatalogServiceTests::Constructor_WithNullLogger_ShouldThrowArgumentNullException()
DA:76,0
DA:78,0
DA:79,0
DA:80,0
DA:81,0
DA:82,0
DA:83,0
DA:84,0
FN:87,System.Void eShop.Application.Tests.Services.CatalogServiceTests::Constructor_WithValidParameters_ShouldCreateInstance()
FNDA:0,System.Void eShop.Application.Tests.Services.CatalogServiceTests::Constructor_WithValidParameters_ShouldCreateInstance()
DA:88,0
DA:90,0
DA:91,0
DA:92,0
DA:93,0
DA:94,0
DA:95,0
DA:97,0
DA:98,0
FN:151,System.Threading.Tasks.Task eShop.Application.Tests.Services.CatalogServiceTests::<GetCatalogItemsPaginatedAsync_WhenRepositoryThrows_ShouldPropagateException>b__13_1()
FNDA:0,System.Threading.Tasks.Task eShop.Application.Tests.Services.CatalogServiceTests::<GetCatalogItemsPaginatedAsync_WhenRepositoryThrows_ShouldPropagateException>b__13_1()
DA:152,0
FN:196,System.Threading.Tasks.Task eShop.Application.Tests.Services.CatalogServiceTests::<GetCatalogItemByIdAsync_WhenRepositoryThrows_ShouldPropagateException>b__16_1()
FNDA:0,System.Threading.Tasks.Task eShop.Application.Tests.Services.CatalogServiceTests::<GetCatalogItemByIdAsync_WhenRepositoryThrows_ShouldPropagateException>b__16_1()
DA:197,0
FN:229,System.Threading.Tasks.Task eShop.Application.Tests.Services.CatalogServiceTests::<GetCatalogTypesAsync_WhenRepositoryThrows_ShouldPropagateException>b__18_1()
FNDA:0,System.Threading.Tasks.Task eShop.Application.Tests.Services.CatalogServiceTests::<GetCatalogTypesAsync_WhenRepositoryThrows_ShouldPropagateException>b__18_1()
DA:230,0
FN:262,System.Threading.Tasks.Task eShop.Application.Tests.Services.CatalogServiceTests::<GetCatalogBrandsAsync_WhenRepositoryThrows_ShouldPropagateException>b__20_1()
FNDA:0,System.Threading.Tasks.Task eShop.Application.Tests.Services.CatalogServiceTests::<GetCatalogBrandsAsync_WhenRepositoryThrows_ShouldPropagateException>b__20_1()
DA:263,0
FN:351,System.Threading.Tasks.Task eShop.Application.Tests.Services.CatalogServiceTests::<DeleteCatalogItemAsync_WhenRepositoryThrows_ShouldPropagateException>b__26_1()
FNDA:0,System.Threading.Tasks.Task eShop.Application.Tests.Services.CatalogServiceTests::<DeleteCatalogItemAsync_WhenRepositoryThrows_ShouldPropagateException>b__26_1()
DA:352,0
FN:22,System.Void eShop.Application.Tests.Services.CatalogServiceTests::.ctor()
FNDA:0,System.Void eShop.Application.Tests.Services.CatalogServiceTests::.ctor()
DA:23,0
DA:24,0
DA:25,0
DA:26,0
DA:27,0
DA:28,0
DA:30,0
DA:31,0
DA:32,0
DA:33,0
DA:34,0
DA:35,0
DA:36,0
FN:294,System.Threading.Tasks.Task eShop.Application.Tests.Services.CatalogServiceTests/<>c__DisplayClass22_0::<CreateCatalogItemAsync_WhenRepositoryThrows_ShouldPropagateException>b__1()
FNDA:0,System.Threading.Tasks.Task eShop.Application.Tests.Services.CatalogServiceTests/<>c__DisplayClass22_0::<CreateCatalogItemAsync_WhenRepositoryThrows_ShouldPropagateException>b__1()
DA:295,0
FN:323,System.Threading.Tasks.Task eShop.Application.Tests.Services.CatalogServiceTests/<>c__DisplayClass24_0::<UpdateCatalogItemAsync_WhenRepositoryThrows_ShouldPropagateException>b__1()
FNDA:0,System.Threading.Tasks.Task eShop.Application.Tests.Services.CatalogServiceTests/<>c__DisplayClass24_0::<UpdateCatalogItemAsync_WhenRepositoryThrows_ShouldPropagateException>b__1()
DA:324,0
FN:267,System.Void eShop.Application.Tests.Services.CatalogServiceTests/<CreateCatalogItemAsync_ShouldReturnCreatedItem>d__21::MoveNext()
FNDA:0,System.Void eShop.Application.Tests.Services.CatalogServiceTests/<CreateCatalogItemAsync_ShouldReturnCreatedItem>d__21::MoveNext()
DA:268,0
DA:270,0
DA:271,0
DA:272,0
DA:273,0
DA:274,0
DA:277,0
DA:280,0
DA:281,0
DA:282,0
DA:283,0
FN:286,System.Void eShop.Application.Tests.Services.CatalogServiceTests/<CreateCatalogItemAsync_WhenRepositoryThrows_ShouldPropagateException>d__22::MoveNext()
FNDA:0,System.Void eShop.Application.Tests.Services.CatalogServiceTests/<CreateCatalogItemAsync_WhenRepositoryThrows_ShouldPropagateException>d__22::MoveNext()
DA:287,0
DA:289,0
DA:290,0
DA:291,0
DA:292,0
DA:296,0
FN:328,System.Void eShop.Application.Tests.Services.CatalogServiceTests/<DeleteCatalogItemAsync_ShouldCallRepositoryDelete>d__25::MoveNext()
FNDA:0,System.Void eShop.Application.Tests.Services.CatalogServiceTests/<DeleteCatalogItemAsync_ShouldCallRepositoryDelete>d__25::MoveNext()
DA:329,0
DA:331,0
DA:332,0
DA:333,0
DA:334,0
DA:337,0
DA:340,0
DA:341,0
FN:344,System.Void eShop.Application.Tests.Services.CatalogServiceTests/<DeleteCatalogItemAsync_WhenRepositoryThrows_ShouldPropagateException>d__26::MoveNext()
FNDA:0,System.Void eShop.Application.Tests.Services.CatalogServiceTests/<DeleteCatalogItemAsync_WhenRepositoryThrows_ShouldPropagateException>d__26::MoveNext()
DA:345,0
DA:347,0
DA:348,0
DA:349,0
DA:353,0
FN:234,System.Void eShop.Application.Tests.Services.CatalogServiceTests/<GetCatalogBrandsAsync_ShouldReturnAllBrands>d__19::MoveNext()
FNDA:0,System.Void eShop.Application.Tests.Services.CatalogServiceTests/<GetCatalogBrandsAsync_ShouldReturnAllBrands>d__19::MoveNext()
DA:235,0
DA:237,0
DA:238,0
DA:239,0
DA:240,0
DA:241,0
DA:242,0
DA:243,0
DA:244,0
DA:247,0
DA:250,0
DA:251,0
DA:252,0
FN:255,System.Void eShop.Application.Tests.Services.CatalogServiceTests/<GetCatalogBrandsAsync_WhenRepositoryThrows_ShouldPropagateException>d__20::MoveNext()
FNDA:0,System.Void eShop.Application.Tests.Services.CatalogServiceTests/<GetCatalogBrandsAsync_WhenRepositoryThrows_ShouldPropagateException>d__20::MoveNext()
DA:256,0
DA:258,0
DA:259,0
DA:260,0
DA:264,0
FN:156,System.Void eShop.Application.Tests.Services.CatalogServiceTests/<GetCatalogItemByIdAsync_ShouldReturnItem>d__14::MoveNext()
FNDA:0,System.Void eShop.Application.Tests.Services.CatalogServiceTests/<GetCatalogItemByIdAsync_ShouldReturnItem>d__14::MoveNext()
DA:157,0
DA:159,0
DA:160,0
DA:161,0
DA:162,0
DA:165,0
DA:168,0
DA:169,0
DA:170,0
DA:171,0
FN:174,System.Void eShop.Application.Tests.Services.CatalogServiceTests/<GetCatalogItemByIdAsync_WhenItemNotFound_ShouldReturnNull>d__15::MoveNext()
FNDA:0,System.Void eShop.Application.Tests.Services.CatalogServiceTests/<GetCatalogItemByIdAsync_WhenItemNotFound_ShouldReturnNull>d__15::MoveNext()
DA:175,0
DA:177,0
DA:178,0
DA:179,0
DA:182,0
DA:185,0
DA:186,0
FN:189,System.Void eShop.Application.Tests.Services.CatalogServiceTests/<GetCatalogItemByIdAsync_WhenRepositoryThrows_ShouldPropagateException>d__16::MoveNext()
FNDA:0,System.Void eShop.Application.Tests.Services.CatalogServiceTests/<GetCatalogItemByIdAsync_WhenRepositoryThrows_ShouldPropagateException>d__16::MoveNext()
DA:190,0
DA:192,0
DA:193,0
DA:194,0
DA:198,0
FN:101,System.Void eShop.Application.Tests.Services.CatalogServiceTests/<GetCatalogItemsPaginatedAsync_ShouldReturnPaginatedItems>d__11::MoveNext()
FNDA:0,System.Void eShop.Application.Tests.Services.CatalogServiceTests/<GetCatalogItemsPaginatedAsync_ShouldReturnPaginatedItems>d__11::MoveNext()
DA:102,0
DA:104,0
DA:105,0
DA:106,0
DA:107,0
DA:108,0
DA:109,0
DA:111,0
DA:112,0
DA:113,0
DA:116,0
DA:119,0
DA:120,0
DA:121,0
DA:122,0
FN:144,System.Void eShop.Application.Tests.Services.CatalogServiceTests/<GetCatalogItemsPaginatedAsync_WhenRepositoryThrows_ShouldPropagateException>d__13::MoveNext()
FNDA:0,System.Void eShop.Application.Tests.Services.CatalogServiceTests/<GetCatalogItemsPaginatedAsync_WhenRepositoryThrows_ShouldPropagateException>d__13::MoveNext()
DA:145,0
DA:147,0
DA:148,0
DA:149,0
DA:153,0
FN:356,System.Void eShop.Application.Tests.Services.CatalogServiceTests/<GetCatalogItemsPaginatedAsync_WithCancellationToken_ShouldPassTokenToRepository>d__27::MoveNext()
FNDA:0,System.Void eShop.Application.Tests.Services.CatalogServiceTests/<GetCatalogItemsPaginatedAsync_WithCancellationToken_ShouldPassTokenToRepository>d__27::MoveNext()
DA:357,0
DA:359,0
DA:360,0
DA:361,0
DA:362,0
DA:363,0
DA:366,0
DA:369,0
DA:370,0
FN:125,System.Void eShop.Application.Tests.Services.CatalogServiceTests/<GetCatalogItemsPaginatedAsync_WithDifferentPageParameters_ShouldCallRepositoryWithCorrectParameters>d__12::MoveNext()
FNDA:0,System.Void eShop.Application.Tests.Services.CatalogServiceTests/<GetCatalogItemsPaginatedAsync_WithDifferentPageParameters_ShouldCallRepositoryWithCorrectParameters>d__12::MoveNext()
DA:126,0
DA:128,0
DA:129,0
DA:130,0
DA:132,0
DA:133,0
DA:134,0
DA:137,0
DA:140,0
DA:141,0
FN:201,System.Void eShop.Application.Tests.Services.CatalogServiceTests/<GetCatalogTypesAsync_ShouldReturnAllTypes>d__17::MoveNext()
FNDA:0,System.Void eShop.Application.Tests.Services.CatalogServiceTests/<GetCatalogTypesAsync_ShouldReturnAllTypes>d__17::MoveNext()
DA:202,0
DA:204,0
DA:205,0
DA:206,0
DA:207,0
DA:208,0
DA:209,0
DA:210,0
DA:211,0
DA:214,0
DA:217,0
DA:218,0
DA:219,0
FN:222,System.Void eShop.Application.Tests.Services.CatalogServiceTests/<GetCatalogTypesAsync_WhenRepositoryThrows_ShouldPropagateException>d__18::MoveNext()
FNDA:0,System.Void eShop.Application.Tests.Services.CatalogServiceTests/<GetCatalogTypesAsync_WhenRepositoryThrows_ShouldPropagateException>d__18::MoveNext()
DA:223,0
DA:225,0
DA:226,0
DA:227,0
DA:231,0
FN:299,System.Void eShop.Application.Tests.Services.CatalogServiceTests/<UpdateCatalogItemAsync_ShouldCallRepositoryUpdate>d__23::MoveNext()
FNDA:0,System.Void eShop.Application.Tests.Services.CatalogServiceTests/<UpdateCatalogItemAsync_ShouldCallRepositoryUpdate>d__23::MoveNext()
DA:300,0
DA:302,0
DA:303,0
DA:304,0
DA:305,0
DA:308,0
DA:311,0
DA:312,0
FN:315,System.Void eShop.Application.Tests.Services.CatalogServiceTests/<UpdateCatalogItemAsync_WhenRepositoryThrows_ShouldPropagateException>d__24::MoveNext()
FNDA:0,System.Void eShop.Application.Tests.Services.CatalogServiceTests/<UpdateCatalogItemAsync_WhenRepositoryThrows_ShouldPropagateException>d__24::MoveNext()
DA:316,0
DA:318,0
DA:319,0
DA:320,0
DA:321,0
DA:325,0
LF:202
LH:0
BRF:0
BRH:0
FNF:30
FNH:0
end_of_record
SF:/modernize-data/studio-data/TNT1001/APP1940/transformed-code/42/studio-workspace/comp_backend/src/eShop.Application/Tests/DTOs/CatalogItemDtoTests.cs
FN:9,System.Void eShop.Application.Tests.DTOs.CatalogItemDtoTests::Constructor_ShouldInitializeWithDefaultValues()
FNDA:0,System.Void eShop.Application.Tests.DTOs.CatalogItemDtoTests::Constructor_ShouldInitializeWithDefaultValues()
DA:10,0
DA:12,0
DA:15,0
DA:16,0
DA:17,0
DA:18,0
DA:19,0
DA:20,0
FN:23,System.Void eShop.Application.Tests.DTOs.CatalogItemDtoTests::Id_ShouldBeSettableAndGettable()
FNDA:0,System.Void eShop.Application.Tests.DTOs.CatalogItemDtoTests::Id_ShouldBeSettableAndGettable()
DA:24,0
DA:26,0
DA:29,0
DA:32,0
DA:33,0
FN:36,System.Void eShop.Application.Tests.DTOs.CatalogItemDtoTests::Name_ShouldBeSettableAndGettable()
FNDA:0,System.Void eShop.Application.Tests.DTOs.CatalogItemDtoTests::Name_ShouldBeSettableAndGettable()
DA:37,0
DA:39,0
DA:42,0
DA:45,0
DA:46,0
FN:49,System.Void eShop.Application.Tests.DTOs.CatalogItemDtoTests::Description_ShouldBeNullableAndSettable()
FNDA:0,System.Void eShop.Application.Tests.DTOs.CatalogItemDtoTests::Description_ShouldBeNullableAndSettable()
DA:50,0
DA:52,0
DA:55,0
DA:58,0
DA:59,0
FN:62,System.Void eShop.Application.Tests.DTOs.CatalogItemDtoTests::Description_CanBeSetToNull()
FNDA:0,System.Void eShop.Application.Tests.DTOs.CatalogItemDtoTests::Description_CanBeSetToNull()
DA:63,0
DA:65,0
DA:68,0
DA:71,0
DA:72,0
FN:75,System.Void eShop.Application.Tests.DTOs.CatalogItemDtoTests::Price_ShouldBeSettableAndGettable()
FNDA:0,System.Void eShop.Application.Tests.DTOs.CatalogItemDtoTests::Price_ShouldBeSettableAndGettable()
DA:76,0
DA:78,0
DA:81,0
DA:84,0
DA:85,0
FN:88,System.Void eShop.Application.Tests.DTOs.CatalogItemDtoTests::PictureFileName_ShouldBeSettableAndGettable()
FNDA:0,System.Void eShop.Application.Tests.DTOs.CatalogItemDtoTests::PictureFileName_ShouldBeSettableAndGettable()
DA:89,0
DA:91,0
DA:94,0
DA:97,0
DA:98,0
FN:101,System.Void eShop.Application.Tests.DTOs.CatalogItemDtoTests::PictureUri_ShouldBeNullableAndSettable()
FNDA:0,System.Void eShop.Application.Tests.DTOs.CatalogItemDtoTests::PictureUri_ShouldBeNullableAndSettable()
DA:102,0
DA:104,0
DA:107,0
DA:110,0
DA:111,0
FN:114,System.Void eShop.Application.Tests.DTOs.CatalogItemDtoTests::CatalogTypeId_ShouldBeSettableAndGettable()
FNDA:0,System.Void eShop.Application.Tests.DTOs.CatalogItemDtoTests::CatalogTypeId_ShouldBeSettableAndGettable()
DA:115,0
DA:117,0
DA:120,0
DA:123,0
DA:124,0
FN:127,System.Void eShop.Application.Tests.DTOs.CatalogItemDtoTests::CatalogType_ShouldBeNullableAndSettable()
FNDA:0,System.Void eShop.Application.Tests.DTOs.CatalogItemDtoTests::CatalogType_ShouldBeNullableAndSettable()
DA:128,0
DA:130,0
DA:133,0
DA:136,0
DA:137,0
FN:140,System.Void eShop.Application.Tests.DTOs.CatalogItemDtoTests::CatalogBrandId_ShouldBeSettableAndGettable()
FNDA:0,System.Void eShop.Application.Tests.DTOs.CatalogItemDtoTests::CatalogBrandId_ShouldBeSettableAndGettable()
DA:141,0
DA:143,0
DA:146,0
DA:149,0
DA:150,0
FN:153,System.Void eShop.Application.Tests.DTOs.CatalogItemDtoTests::CatalogBrand_ShouldBeNullableAndSettable()
FNDA:0,System.Void eShop.Application.Tests.DTOs.CatalogItemDtoTests::CatalogBrand_ShouldBeNullableAndSettable()
DA:154,0
DA:156,0
DA:159,0
DA:162,0
DA:163,0
FN:166,System.Void eShop.Application.Tests.DTOs.CatalogItemDtoTests::AvailableStock_ShouldBeSettableAndGettable()
FNDA:0,System.Void eShop.Application.Tests.DTOs.CatalogItemDtoTests::AvailableStock_ShouldBeSettableAndGettable()
DA:167,0
DA:169,0
DA:172,0
DA:175,0
DA:176,0
FN:179,System.Void eShop.Application.Tests.DTOs.CatalogItemDtoTests::RestockThreshold_ShouldBeSettableAndGettable()
FNDA:0,System.Void eShop.Application.Tests.DTOs.CatalogItemDtoTests::RestockThreshold_ShouldBeSettableAndGettable()
DA:180,0
DA:182,0
DA:185,0
DA:188,0
DA:189,0
FN:192,System.Void eShop.Application.Tests.DTOs.CatalogItemDtoTests::MaxStockThreshold_ShouldBeSettableAndGettable()
FNDA:0,System.Void eShop.Application.Tests.DTOs.CatalogItemDtoTests::MaxStockThreshold_ShouldBeSettableAndGettable()
DA:193,0
DA:195,0
DA:198,0
DA:201,0
DA:202,0
FN:205,System.Void eShop.Application.Tests.DTOs.CatalogItemDtoTests::OnReorder_ShouldBeSettableAndGettable()
FNDA:0,System.Void eShop.Application.Tests.DTOs.CatalogItemDtoTests::OnReorder_ShouldBeSettableAndGettable()
DA:206,0
DA:208,0
DA:211,0
DA:214,0
DA:215,0
FN:218,System.Void eShop.Application.Tests.DTOs.CatalogItemDtoTests::CatalogItemDto_ShouldSupportObjectInitializer()
FNDA:0,System.Void eShop.Application.Tests.DTOs.CatalogItemDtoTests::CatalogItemDto_ShouldSupportObjectInitializer()
DA:219,0
DA:221,0
DA:222,0
DA:223,0
DA:224,0
DA:225,0
DA:226,0
DA:227,0
DA:228,0
DA:229,0
DA:230,0
DA:231,0
DA:232,0
DA:233,0
DA:234,0
DA:235,0
DA:236,0
DA:237,0
DA:240,0
DA:241,0
DA:242,0
DA:243,0
DA:244,0
DA:245,0
DA:246,0
DA:247,0
DA:248,0
DA:249,0
DA:250,0
DA:251,0
DA:252,0
DA:253,0
DA:254,0
FN:260,System.Void eShop.Application.Tests.DTOs.CatalogItemCreateDtoTests::Constructor_ShouldInitializeWithDefaultValues()
FNDA:0,System.Void eShop.Application.Tests.DTOs.CatalogItemCreateDtoTests::Constructor_ShouldInitializeWithDefaultValues()
DA:261,0
DA:263,0
DA:266,0
DA:267,0
DA:268,0
DA:269,0
DA:270,0
FN:273,System.Void eShop.Application.Tests.DTOs.CatalogItemCreateDtoTests::Name_ShouldBeSettableAndGettable()
FNDA:0,System.Void eShop.Application.Tests.DTOs.CatalogItemCreateDtoTests::Name_ShouldBeSettableAndGettable()
DA:274,0
DA:276,0
DA:279,0
DA:282,0
DA:283,0
FN:286,System.Void eShop.Application.Tests.DTOs.CatalogItemCreateDtoTests::Description_ShouldBeNullableAndSettable()
FNDA:0,System.Void eShop.Application.Tests.DTOs.CatalogItemCreateDtoTests::Description_ShouldBeNullableAndSettable()
DA:287,0
DA:289,0
DA:292,0
DA:295,0
DA:296,0
FN:299,System.Void eShop.Application.Tests.DTOs.CatalogItemCreateDtoTests::Price_ShouldBeSettableAndGettable()
FNDA:0,System.Void eShop.Application.Tests.DTOs.CatalogItemCreateDtoTests::Price_ShouldBeSettableAndGettable()
DA:300,0
DA:302,0
DA:305,0
DA:308,0
DA:309,0
FN:312,System.Void eShop.Application.Tests.DTOs.CatalogItemCreateDtoTests::PictureFileName_ShouldHaveDefaultValue()
FNDA:0,System.Void eShop.Application.Tests.DTOs.CatalogItemCreateDtoTests::PictureFileName_ShouldHaveDefaultValue()
DA:313,0
DA:315,0
DA:318,0
DA:319,0
FN:322,System.Void eShop.Application.Tests.DTOs.CatalogItemCreateDtoTests::PictureFileName_ShouldBeSettable()
FNDA:0,System.Void eShop.Application.Tests.DTOs.CatalogItemCreateDtoTests::PictureFileName_ShouldBeSettable()
DA:323,0
DA:325,0
DA:328,0
DA:331,0
DA:332,0
FN:335,System.Void eShop.Application.Tests.DTOs.CatalogItemCreateDtoTests::CatalogItemCreateDto_ShouldSupportObjectInitializer()
FNDA:0,System.Void eShop.Application.Tests.DTOs.CatalogItemCreateDtoTests::CatalogItemCreateDto_ShouldSupportObjectInitializer()
DA:336,0
DA:338,0
DA:339,0
DA:340,0
DA:341,0
DA:342,0
DA:343,0
DA:344,0
DA:345,0
DA:346,0
DA:347,0
DA:348,0
DA:349,0
DA:350,0
DA:353,0
DA:354,0
DA:355,0
DA:356,0
DA:357,0
DA:358,0
DA:359,0
DA:360,0
DA:361,0
DA:362,0
DA:363,0
FN:369,System.Void eShop.Application.Tests.DTOs.CatalogItemCreateDtoTests::AvailableStock_ShouldAcceptVariousValues(System.Int32)
FNDA:0,System.Void eShop.Application.Tests.DTOs.CatalogItemCreateDtoTests::AvailableStock_ShouldAcceptVariousValues(System.Int32)
DA:370,0
DA:372,0
DA:375,0
DA:378,0
DA:379,0
FN:385,System.Void eShop.Application.Tests.DTOs.CatalogItemCreateDtoTests::Price_ShouldAcceptVariousDecimalValues(System.Double)
FNDA:0,System.Void eShop.Application.Tests.DTOs.CatalogItemCreateDtoTests::Price_ShouldAcceptVariousDecimalValues(System.Double)
DA:386,0
DA:388,0
DA:389,0
DA:392,0
DA:395,0
DA:396,0
FN:402,System.Void eShop.Application.Tests.DTOs.CatalogItemUpdateDtoTests::Constructor_ShouldInitializeWithDefaultValues()
FNDA:0,System.Void eShop.Application.Tests.DTOs.CatalogItemUpdateDtoTests::Constructor_ShouldInitializeWithDefaultValues()
DA:403,0
DA:405,0
DA:408,0
DA:409,0
DA:410,0
DA:411,0
DA:412,0
DA:413,0
FN:416,System.Void eShop.Application.Tests.DTOs.CatalogItemUpdateDtoTests::Id_ShouldBeSettableAndGettable()
FNDA:0,System.Void eShop.Application.Tests.DTOs.CatalogItemUpdateDtoTests::Id_ShouldBeSettableAndGettable()
DA:417,0
DA:419,0
DA:422,0
DA:425,0
DA:426,0
FN:429,System.Void eShop.Application.Tests.DTOs.CatalogItemUpdateDtoTests::Name_ShouldBeSettableAndGettable()
FNDA:0,System.Void eShop.Application.Tests.DTOs.CatalogItemUpdateDtoTests::Name_ShouldBeSettableAndGettable()
DA:430,0
DA:432,0
DA:435,0
DA:438,0
DA:439,0
FN:442,System.Void eShop.Application.Tests.DTOs.CatalogItemUpdateDtoTests::Description_ShouldBeNullableAndSettable()
FNDA:0,System.Void eShop.Application.Tests.DTOs.CatalogItemUpdateDtoTests::Description_ShouldBeNullableAndSettable()
DA:443,0
DA:445,0
DA:448,0
DA:451,0
DA:452,0
FN:455,System.Void eShop.Application.Tests.DTOs.CatalogItemUpdateDtoTests::CatalogItemUpdateDto_ShouldSupportObjectInitializer()
FNDA:0,System.Void eShop.Application.Tests.DTOs.CatalogItemUpdateDtoTests::CatalogItemUpdateDto_ShouldSupportObjectInitializer()
DA:456,0
DA:458,0
DA:459,0
DA:460,0
DA:461,0
DA:462,0
DA:463,0
DA:464,0
DA:465,0
DA:466,0
DA:467,0
DA:468,0
DA:469,0
DA:470,0
DA:471,0
DA:474,0
DA:475,0
DA:476,0
DA:477,0
DA:478,0
DA:479,0
DA:480,0
DA:481,0
DA:482,0
DA:483,0
DA:484,0
DA:485,0
FN:488,System.Void eShop.Application.Tests.DTOs.CatalogItemUpdateDtoTests::AllProperties_ShouldBeModifiable()
FNDA:0,System.Void eShop.Application.Tests.DTOs.CatalogItemUpdateDtoTests::AllProperties_ShouldBeModifiable()
DA:489,0
DA:491,0
DA:492,0
DA:493,0
DA:494,0
DA:495,0
DA:498,0
DA:499,0
DA:500,0
DA:503,0
DA:504,0
DA:505,0
DA:506,0
FN:511,System.Void eShop.Application.Tests.DTOs.CatalogItemUpdateDtoTests::OnReorder_ShouldAcceptBooleanValues(System.Boolean)
FNDA:0,System.Void eShop.Application.Tests.DTOs.CatalogItemUpdateDtoTests::OnReorder_ShouldAcceptBooleanValues(System.Boolean)
DA:512,0
DA:514,0
DA:517,0
DA:520,0
DA:521,0
LF:251
LH:0
BRF:0
BRH:0
FNF:33
FNH:0
end_of_record
SF:/modernize-data/studio-data/TNT1001/APP1940/transformed-code/42/studio-workspace/comp_backend/src/eShop.Application/Services/CatalogService.cs
FN:17,System.Void eShop.Application.Services.CatalogService::.ctor(eShop.Domain.Interfaces.Repositories.ICatalogItemRepository,eShop.Domain.Interfaces.Repositories.ICatalogBrandRepository,eShop.Domain.Interfaces.Repositories.ICatalogTypeRepository,Microsoft.Extensions.Logging.ILogger`1<eShop.Application.Services.CatalogService>)
FNDA:0,System.Void eShop.Application.Services.CatalogService::.ctor(eShop.Domain.Interfaces.Repositories.ICatalogItemRepository,eShop.Domain.Interfaces.Repositories.ICatalogBrandRepository,eShop.Domain.Interfaces.Repositories.ICatalogTypeRepository,Microsoft.Extensions.Logging.ILogger`1<eShop.Application.Services.CatalogService>)
DA:18,0
DA:19,0
DA:20,0
DA:21,0
DA:22,0
DA:23,0
DA:24,0
DA:25,0
DA:26,0
DA:27,0
DA:28,0
BRDA:24,11,0,0
BRDA:24,11,1,0
BRDA:25,33,0,0
BRDA:25,33,1,0
BRDA:26,55,0,0
BRDA:26,55,1,0
BRDA:27,78,0,0
BRDA:27,78,1,0
FN:89,System.Void eShop.Application.Services.CatalogService/<CreateCatalogItemAsync>d__9::MoveNext()
FNDA:0,System.Void eShop.Application.Services.CatalogService/<CreateCatalogItemAsync>d__9::MoveNext()
DA:90,0
DA:92,0
DA:93,0
DA:94,0
DA:96,0
DA:97,0
DA:98,0
DA:99,0
DA:101,0
FN:117,System.Void eShop.Application.Services.CatalogService/<DeleteCatalogItemAsync>d__11::MoveNext()
FNDA:0,System.Void eShop.Application.Services.CatalogService/<DeleteCatalogItemAsync>d__11::MoveNext()
DA:118,0
DA:120,0
DA:121,0
DA:122,0
DA:123,0
DA:124,0
DA:125,0
DA:126,0
DA:127,0
DA:129,0
FN:75,System.Void eShop.Application.Services.CatalogService/<GetCatalogBrandsAsync>d__8::MoveNext()
FNDA:0,System.Void eShop.Application.Services.CatalogService/<GetCatalogBrandsAsync>d__8::MoveNext()
DA:76,0
DA:78,0
DA:79,0
DA:80,0
DA:82,0
DA:83,0
DA:84,0
DA:85,0
DA:87,0
FN:47,System.Void eShop.Application.Services.CatalogService/<GetCatalogItemByIdAsync>d__6::MoveNext()
FNDA:0,System.Void eShop.Application.Services.CatalogService/<GetCatalogItemByIdAsync>d__6::MoveNext()
DA:48,0
DA:50,0
DA:51,0
DA:52,0
DA:54,0
DA:55,0
DA:56,0
DA:57,0
DA:59,0
FN:33,System.Void eShop.Application.Services.CatalogService/<GetCatalogItemsPaginatedAsync>d__5::MoveNext()
FNDA:0,System.Void eShop.Application.Services.CatalogService/<GetCatalogItemsPaginatedAsync>d__5::MoveNext()
DA:34,0
DA:36,0
DA:37,0
DA:38,0
DA:40,0
DA:41,0
DA:42,0
DA:43,0
DA:45,0
FN:61,System.Void eShop.Application.Services.CatalogService/<GetCatalogTypesAsync>d__7::MoveNext()
FNDA:0,System.Void eShop.Application.Services.CatalogService/<GetCatalogTypesAsync>d__7::MoveNext()
DA:62,0
DA:64,0
DA:65,0
DA:66,0
DA:68,0
DA:69,0
DA:70,0
DA:71,0
DA:73,0
FN:103,System.Void eShop.Application.Services.CatalogService/<UpdateCatalogItemAsync>d__10::MoveNext()
FNDA:0,System.Void eShop.Application.Services.CatalogService/<UpdateCatalogItemAsync>d__10::MoveNext()
DA:104,0
DA:106,0
DA:107,0
DA:108,0
DA:109,0
DA:110,0
DA:111,0
DA:112,0
DA:113,0
DA:115,0
LF:76
LH:0
BRF:8
BRH:0
FNF:8
FNH:0
end_of_record
SF:/modernize-data/studio-data/TNT1001/APP1940/transformed-code/42/studio-workspace/comp_backend/src/eShop.Application/DTOs/CatalogItemDto.cs
FN:7,System.Int32 eShop.Application.DTOs.CatalogItemDto::get_Id()
FNDA:0,System.Int32 eShop.Application.DTOs.CatalogItemDto::get_Id()
DA:8,0
FN:8,System.String eShop.Application.DTOs.CatalogItemDto::get_Name()
FNDA:0,System.String eShop.Application.DTOs.CatalogItemDto::get_Name()
DA:9,0
FN:9,System.String eShop.Application.DTOs.CatalogItemDto::get_Description()
FNDA:0,System.String eShop.Application.DTOs.CatalogItemDto::get_Description()
DA:10,0
FN:10,System.Decimal eShop.Application.DTOs.CatalogItemDto::get_Price()
FNDA:0,System.Decimal eShop.Application.DTOs.CatalogItemDto::get_Price()
DA:11,0
FN:11,System.String eShop.Application.DTOs.CatalogItemDto::get_PictureFileName()
FNDA:0,System.String eShop.Application.DTOs.CatalogItemDto::get_PictureFileName()
DA:12,0
FN:12,System.String eShop.Application.DTOs.CatalogItemDto::get_PictureUri()
FNDA:0,System.String eShop.Application.DTOs.CatalogItemDto::get_PictureUri()
DA:13,0
FN:13,System.Int32 eShop.Application.DTOs.CatalogItemDto::get_CatalogTypeId()
FNDA:0,System.Int32 eShop.Application.DTOs.CatalogItemDto::get_CatalogTypeId()
DA:14,0
FN:14,System.String eShop.Application.DTOs.CatalogItemDto::get_CatalogType()
FNDA:0,System.String eShop.Application.DTOs.CatalogItemDto::get_CatalogType()
DA:15,0
FN:15,System.Int32 eShop.Application.DTOs.CatalogItemDto::get_CatalogBrandId()
FNDA:0,System.Int32 eShop.Application.DTOs.CatalogItemDto::get_CatalogBrandId()
DA:16,0
FN:16,System.String eShop.Application.DTOs.CatalogItemDto::get_CatalogBrand()
FNDA:0,System.String eShop.Application.DTOs.CatalogItemDto::get_CatalogBrand()
DA:17,0
FN:17,System.Int32 eShop.Application.DTOs.CatalogItemDto::get_AvailableStock()
FNDA:0,System.Int32 eShop.Application.DTOs.CatalogItemDto::get_AvailableStock()
DA:18,0
FN:18,System.Int32 eShop.Application.DTOs.CatalogItemDto::get_RestockThreshold()
FNDA:0,System.Int32 eShop.Application.DTOs.CatalogItemDto::get_RestockThreshold()
DA:19,0
FN:19,System.Int32 eShop.Application.DTOs.CatalogItemDto::get_MaxStockThreshold()
FNDA:0,System.Int32 eShop.Application.DTOs.CatalogItemDto::get_MaxStockThreshold()
DA:20,0
FN:20,System.Boolean eShop.Application.DTOs.CatalogItemDto::get_OnReorder()
FNDA:0,System.Boolean eShop.Application.DTOs.CatalogItemDto::get_OnReorder()
DA:21,0
FN:28,System.String eShop.Application.DTOs.CatalogItemCreateDto::get_Name()
FNDA:0,System.String eShop.Application.DTOs.CatalogItemCreateDto::get_Name()
DA:29,0
FN:29,System.String eShop.Application.DTOs.CatalogItemCreateDto::get_Description()
FNDA:0,System.String eShop.Application.DTOs.CatalogItemCreateDto::get_Description()
DA:30,0
FN:30,System.Decimal eShop.Application.DTOs.CatalogItemCreateDto::get_Price()
FNDA:0,System.Decimal eShop.Application.DTOs.CatalogItemCreateDto::get_Price()
DA:31,0
FN:31,System.String eShop.Application.DTOs.CatalogItemCreateDto::get_PictureFileName()
FNDA:0,System.String eShop.Application.DTOs.CatalogItemCreateDto::get_PictureFileName()
DA:32,0
FN:32,System.Int32 eShop.Application.DTOs.CatalogItemCreateDto::get_CatalogTypeId()
FNDA:0,System.Int32 eShop.Application.DTOs.CatalogItemCreateDto::get_CatalogTypeId()
DA:33,0
FN:33,System.Int32 eShop.Application.DTOs.CatalogItemCreateDto::get_CatalogBrandId()
FNDA:0,System.Int32 eShop.Application.DTOs.CatalogItemCreateDto::get_CatalogBrandId()
DA:34,0
FN:34,System.Int32 eShop.Application.DTOs.CatalogItemCreateDto::get_AvailableStock()
FNDA:0,System.Int32 eShop.Application.DTOs.CatalogItemCreateDto::get_AvailableStock()
DA:35,0
FN:35,System.Int32 eShop.Application.DTOs.CatalogItemCreateDto::get_RestockThreshold()
FNDA:0,System.Int32 eShop.Application.DTOs.CatalogItemCreateDto::get_RestockThreshold()
DA:36,0
FN:36,System.Int32 eShop.Application.DTOs.CatalogItemCreateDto::get_MaxStockThreshold()
FNDA:0,System.Int32 eShop.Application.DTOs.CatalogItemCreateDto::get_MaxStockThreshold()
DA:37,0
FN:37,System.Boolean eShop.Application.DTOs.CatalogItemCreateDto::get_OnReorder()
FNDA:0,System.Boolean eShop.Application.DTOs.CatalogItemCreateDto::get_OnReorder()
DA:38,0
FN:45,System.Int32 eShop.Application.DTOs.CatalogItemUpdateDto::get_Id()
FNDA:0,System.Int32 eShop.Application.DTOs.CatalogItemUpdateDto::get_Id()
DA:46,0
FN:46,System.String eShop.Application.DTOs.CatalogItemUpdateDto::get_Name()
FNDA:0,System.String eShop.Application.DTOs.CatalogItemUpdateDto::get_Name()
DA:47,0
FN:47,System.String eShop.Application.DTOs.CatalogItemUpdateDto::get_Description()
FNDA:0,System.String eShop.Application.DTOs.CatalogItemUpdateDto::get_Description()
DA:48,0
FN:48,System.Decimal eShop.Application.DTOs.CatalogItemUpdateDto::get_Price()
FNDA:0,System.Decimal eShop.Application.DTOs.CatalogItemUpdateDto::get_Price()
DA:49,0
FN:49,System.String eShop.Application.DTOs.CatalogItemUpdateDto::get_PictureFileName()
FNDA:0,System.String eShop.Application.DTOs.CatalogItemUpdateDto::get_PictureFileName()
DA:50,0
FN:50,System.Int32 eShop.Application.DTOs.CatalogItemUpdateDto::get_CatalogTypeId()
FNDA:0,System.Int32 eShop.Application.DTOs.CatalogItemUpdateDto::get_CatalogTypeId()
DA:51,0
FN:51,System.Int32 eShop.Application.DTOs.CatalogItemUpdateDto::get_CatalogBrandId()
FNDA:0,System.Int32 eShop.Application.DTOs.CatalogItemUpdateDto::get_CatalogBrandId()
DA:52,0
FN:52,System.Int32 eShop.Application.DTOs.CatalogItemUpdateDto::get_AvailableStock()
FNDA:0,System.Int32 eShop.Application.DTOs.CatalogItemUpdateDto::get_AvailableStock()
DA:53,0
FN:53,System.Int32 eShop.Application.DTOs.CatalogItemUpdateDto::get_RestockThreshold()
FNDA:0,System.Int32 eShop.Application.DTOs.CatalogItemUpdateDto::get_RestockThreshold()
DA:54,0
FN:54,System.Int32 eShop.Application.DTOs.CatalogItemUpdateDto::get_MaxStockThreshold()
FNDA:0,System.Int32 eShop.Application.DTOs.CatalogItemUpdateDto::get_MaxStockThreshold()
DA:55,0
FN:55,System.Boolean eShop.Application.DTOs.CatalogItemUpdateDto::get_OnReorder()
FNDA:0,System.Boolean eShop.Application.DTOs.CatalogItemUpdateDto::get_OnReorder()
DA:56,0
LF:35
LH:0
BRF:0
BRH:0
FNF:35
FNH:0
end_of_record
SF:/home/studioai/.nuget/packages/microsoft.net.test.sdk/17.8.0/build/netcoreapp3.1/Microsoft.NET.Test.Sdk.Program.cs
FN:3,System.Void AutoGeneratedProgram::Main(System.String[])
FNDA:0,System.Void AutoGeneratedProgram::Main(System.String[])
DA:4,0
LF:1
LH:0
BRF:0
BRH:0
FNF:1
FNH:0
end_of_record
SF:/modernize-data/studio-data/TNT1001/APP1940/transformed-code/42/studio-workspace/comp_backend/src/eShop.Domain/Tests/Entities/CatalogBrandTests.cs
FN:9,System.Void eShop.Domain.Tests.Entities.CatalogBrandTests::Constructor_ShouldInitializeBrandAsEmpty()
FNDA:0,System.Void eShop.Domain.Tests.Entities.CatalogBrandTests::Constructor_ShouldInitializeBrandAsEmpty()
DA:10,0
DA:12,0
DA:15,0
DA:16,0
DA:17,0
FN:20,System.Void eShop.Domain.Tests.Entities.CatalogBrandTests::Id_ShouldBeSettableAndGettable()
FNDA:0,System.Void eShop.Domain.Tests.Entities.CatalogBrandTests::Id_ShouldBeSettableAndGettable()
DA:21,0
DA:23,0
DA:24,0
DA:27,0
DA:30,0
DA:31,0
FN:34,System.Void eShop.Domain.Tests.Entities.CatalogBrandTests::Id_ShouldSupportZeroValue()
FNDA:0,System.Void eShop.Domain.Tests.Entities.CatalogBrandTests::Id_ShouldSupportZeroValue()
DA:35,0
DA:37,0
DA:40,0
DA:43,0
DA:44,0
FN:47,System.Void eShop.Domain.Tests.Entities.CatalogBrandTests::Id_ShouldSupportNegativeValue()
FNDA:0,System.Void eShop.Domain.Tests.Entities.CatalogBrandTests::Id_ShouldSupportNegativeValue()
DA:48,0
DA:50,0
DA:53,0
DA:56,0
DA:57,0
FN:60,System.Void eShop.Domain.Tests.Entities.CatalogBrandTests::Brand_ShouldBeSettableAndGettable()
FNDA:0,System.Void eShop.Domain.Tests.Entities.CatalogBrandTests::Brand_ShouldBeSettableAndGettable()
DA:61,0
DA:63,0
DA:64,0
DA:67,0
DA:70,0
DA:71,0
FN:74,System.Void eShop.Domain.Tests.Entities.CatalogBrandTests::Brand_ShouldSupportEmptyString()
FNDA:0,System.Void eShop.Domain.Tests.Entities.CatalogBrandTests::Brand_ShouldSupportEmptyString()
DA:75,0
DA:77,0
DA:80,0
DA:83,0
DA:84,0
FN:87,System.Void eShop.Domain.Tests.Entities.CatalogBrandTests::Brand_ShouldSupportLongStrings()
FNDA:0,System.Void eShop.Domain.Tests.Entities.CatalogBrandTests::Brand_ShouldSupportLongStrings()
DA:88,0
DA:90,0
DA:91,0
DA:94,0
DA:97,0
DA:98,0
DA:99,0
FN:102,System.Void eShop.Domain.Tests.Entities.CatalogBrandTests::CatalogBrand_ShouldSupportAllPropertiesSet()
FNDA:0,System.Void eShop.Domain.Tests.Entities.CatalogBrandTests::CatalogBrand_ShouldSupportAllPropertiesSet()
DA:103,0
DA:105,0
DA:106,0
DA:107,0
DA:108,0
DA:109,0
DA:112,0
DA:113,0
DA:114,0
FN:117,System.Void eShop.Domain.Tests.Entities.CatalogBrandTests::CatalogBrand_ShouldSupportObjectInitializer()
FNDA:0,System.Void eShop.Domain.Tests.Entities.CatalogBrandTests::CatalogBrand_ShouldSupportObjectInitializer()
DA:118,0
DA:120,0
DA:121,0
DA:122,0
DA:123,0
DA:124,0
DA:127,0
DA:128,0
DA:129,0
DA:130,0
FN:133,System.Void eShop.Domain.Tests.Entities.CatalogBrandTests::Brand_ShouldSupportSpecialCharacters()
FNDA:0,System.Void eShop.Domain.Tests.Entities.CatalogBrandTests::Brand_ShouldSupportSpecialCharacters()
DA:134,0
DA:136,0
DA:137,0
DA:140,0
DA:143,0
DA:144,0
FN:147,System.Void eShop.Domain.Tests.Entities.CatalogBrandTests::Brand_ShouldSupportUnicodeCharacters()
FNDA:0,System.Void eShop.Domain.Tests.Entities.CatalogBrandTests::Brand_ShouldSupportUnicodeCharacters()
DA:148,0
DA:150,0
DA:151,0
DA:154,0
DA:157,0
DA:158,0
FN:161,System.Void eShop.Domain.Tests.Entities.CatalogBrandTests::Constructor_ShouldNotThrowException()
FNDA:0,System.Void eShop.Domain.Tests.Entities.CatalogBrandTests::Constructor_ShouldNotThrowException()
DA:162,0
DA:164,0
DA:167,0
DA:168,0
FN:171,System.Void eShop.Domain.Tests.Entities.CatalogBrandTests::Id_ShouldDefaultToZero()
FNDA:0,System.Void eShop.Domain.Tests.Entities.CatalogBrandTests::Id_ShouldDefaultToZero()
DA:172,0
DA:174,0
DA:177,0
DA:178,0
LF:78
LH:0
BRF:0
BRH:0
FNF:13
FNH:0
end_of_record
SF:/modernize-data/studio-data/TNT1001/APP1940/transformed-code/42/studio-workspace/comp_backend/src/eShop.Domain/Tests/Entities/CatalogItemTests.cs
FN:9,System.Void eShop.Domain.Tests.Entities.CatalogItemTests::Constructor_ShouldSetDefaultPictureFileName()
FNDA:0,System.Void eShop.Domain.Tests.Entities.CatalogItemTests::Constructor_ShouldSetDefaultPictureFileName()
DA:10,0
DA:12,0
DA:15,0
DA:16,0
DA:17,0
FN:20,System.Void eShop.Domain.Tests.Entities.CatalogItemTests::Constructor_ShouldInitializeNameAsEmpty()
FNDA:0,System.Void eShop.Domain.Tests.Entities.CatalogItemTests::Constructor_ShouldInitializeNameAsEmpty()
DA:21,0
DA:23,0
DA:26,0
DA:27,0
DA:28,0
FN:31,System.Void eShop.Domain.Tests.Entities.CatalogItemTests::Id_ShouldBeSettableAndGettable()
FNDA:0,System.Void eShop.Domain.Tests.Entities.CatalogItemTests::Id_ShouldBeSettableAndGettable()
DA:32,0
DA:34,0
DA:35,0
DA:38,0
DA:41,0
DA:42,0
FN:45,System.Void eShop.Domain.Tests.Entities.CatalogItemTests::Name_ShouldBeSettableAndGettable()
FNDA:0,System.Void eShop.Domain.Tests.Entities.CatalogItemTests::Name_ShouldBeSettableAndGettable()
DA:46,0
DA:48,0
DA:49,0
DA:52,0
DA:55,0
DA:56,0
FN:59,System.Void eShop.Domain.Tests.Entities.CatalogItemTests::Description_ShouldBeNullableAndSettable()
FNDA:0,System.Void eShop.Domain.Tests.Entities.CatalogItemTests::Description_ShouldBeNullableAndSettable()
DA:60,0
DA:62,0
DA:63,0
DA:66,0
DA:69,0
DA:70,0
FN:73,System.Void eShop.Domain.Tests.Entities.CatalogItemTests::Description_CanBeSetToNull()
FNDA:0,System.Void eShop.Domain.Tests.Entities.CatalogItemTests::Description_CanBeSetToNull()
DA:74,0
DA:76,0
DA:79,0
DA:82,0
DA:83,0
FN:86,System.Void eShop.Domain.Tests.Entities.CatalogItemTests::Price_ShouldBeSettableAndGettable()
FNDA:0,System.Void eShop.Domain.Tests.Entities.CatalogItemTests::Price_ShouldBeSettableAndGettable()
DA:87,0
DA:89,0
DA:90,0
DA:93,0
DA:96,0
DA:97,0
FN:100,System.Void eShop.Domain.Tests.Entities.CatalogItemTests::Price_ShouldSupportZeroValue()
FNDA:0,System.Void eShop.Domain.Tests.Entities.CatalogItemTests::Price_ShouldSupportZeroValue()
DA:101,0
DA:103,0
DA:106,0
DA:109,0
DA:110,0
FN:113,System.Void eShop.Domain.Tests.Entities.CatalogItemTests::Price_ShouldSupportNegativeValue()
FNDA:0,System.Void eShop.Domain.Tests.Entities.CatalogItemTests::Price_ShouldSupportNegativeValue()
DA:114,0
DA:116,0
DA:119,0
DA:122,0
DA:123,0
FN:126,System.Void eShop.Domain.Tests.Entities.CatalogItemTests::PictureFileName_ShouldBeSettableAndGettable()
FNDA:0,System.Void eShop.Domain.Tests.Entities.CatalogItemTests::PictureFileName_ShouldBeSettableAndGettable()
DA:127,0
DA:129,0
DA:130,0
DA:133,0
DA:136,0
DA:137,0
FN:140,System.Void eShop.Domain.Tests.Entities.CatalogItemTests::PictureUri_ShouldBeNullableAndSettable()
FNDA:0,System.Void eShop.Domain.Tests.Entities.CatalogItemTests::PictureUri_ShouldBeNullableAndSettable()
DA:141,0
DA:143,0
DA:144,0
DA:147,0
DA:150,0
DA:151,0
FN:154,System.Void eShop.Domain.Tests.Entities.CatalogItemTests::PictureUri_CanBeSetToNull()
FNDA:0,System.Void eShop.Domain.Tests.Entities.CatalogItemTests::PictureUri_CanBeSetToNull()
DA:155,0
DA:157,0
DA:160,0
DA:163,0
DA:164,0
FN:167,System.Void eShop.Domain.Tests.Entities.CatalogItemTests::CatalogTypeId_ShouldBeSettableAndGettable()
FNDA:0,System.Void eShop.Domain.Tests.Entities.CatalogItemTests::CatalogTypeId_ShouldBeSettableAndGettable()
DA:168,0
DA:170,0
DA:171,0
DA:174,0
DA:177,0
DA:178,0
FN:181,System.Void eShop.Domain.Tests.Entities.CatalogItemTests::CatalogType_ShouldBeNullableAndSettable()
FNDA:0,System.Void eShop.Domain.Tests.Entities.CatalogItemTests::CatalogType_ShouldBeNullableAndSettable()
DA:182,0
DA:184,0
DA:185,0
DA:188,0
DA:191,0
DA:192,0
DA:193,0
FN:196,System.Void eShop.Domain.Tests.Entities.CatalogItemTests::CatalogBrandId_ShouldBeSettableAndGettable()
FNDA:0,System.Void eShop.Domain.Tests.Entities.CatalogItemTests::CatalogBrandId_ShouldBeSettableAndGettable()
DA:197,0
DA:199,0
DA:200,0
DA:203,0
DA:206,0
DA:207,0
FN:210,System.Void eShop.Domain.Tests.Entities.CatalogItemTests::CatalogBrand_ShouldBeNullableAndSettable()
FNDA:0,System.Void eShop.Domain.Tests.Entities.CatalogItemTests::CatalogBrand_ShouldBeNullableAndSettable()
DA:211,0
DA:213,0
DA:214,0
DA:217,0
DA:220,0
DA:221,0
DA:222,0
FN:225,System.Void eShop.Domain.Tests.Entities.CatalogItemTests::AvailableStock_ShouldBeSettableAndGettable()
FNDA:0,System.Void eShop.Domain.Tests.Entities.CatalogItemTests::AvailableStock_ShouldBeSettableAndGettable()
DA:226,0
DA:228,0
DA:229,0
DA:232,0
DA:235,0
DA:236,0
FN:239,System.Void eShop.Domain.Tests.Entities.CatalogItemTests::AvailableStock_ShouldSupportZeroValue()
FNDA:0,System.Void eShop.Domain.Tests.Entities.CatalogItemTests::AvailableStock_ShouldSupportZeroValue()
DA:240,0
DA:242,0
DA:245,0
DA:248,0
DA:249,0
FN:252,System.Void eShop.Domain.Tests.Entities.CatalogItemTests::RestockThreshold_ShouldBeSettableAndGettable()
FNDA:0,System.Void eShop.Domain.Tests.Entities.CatalogItemTests::RestockThreshold_ShouldBeSettableAndGettable()
DA:253,0
DA:255,0
DA:256,0
DA:259,0
DA:262,0
DA:263,0
FN:266,System.Void eShop.Domain.Tests.Entities.CatalogItemTests::MaxStockThreshold_ShouldBeSettableAndGettable()
FNDA:0,System.Void eShop.Domain.Tests.Entities.CatalogItemTests::MaxStockThreshold_ShouldBeSettableAndGettable()
DA:267,0
DA:269,0
DA:270,0
DA:273,0
DA:276,0
DA:277,0
FN:280,System.Void eShop.Domain.Tests.Entities.CatalogItemTests::OnReorder_ShouldBeSettableAndGettable()
FNDA:0,System.Void eShop.Domain.Tests.Entities.CatalogItemTests::OnReorder_ShouldBeSettableAndGettable()
DA:281,0
DA:283,0
DA:286,0
DA:289,0
DA:290,0
FN:293,System.Void eShop.Domain.Tests.Entities.CatalogItemTests::OnReorder_ShouldDefaultToFalse()
FNDA:0,System.Void eShop.Domain.Tests.Entities.CatalogItemTests::OnReorder_ShouldDefaultToFalse()
DA:294,0
DA:296,0
DA:299,0
DA:300,0
FN:303,System.Void eShop.Domain.Tests.Entities.CatalogItemTests::DefaultPictureName_ShouldHaveCorrectValue()
FNDA:0,System.Void eShop.Domain.Tests.Entities.CatalogItemTests::DefaultPictureName_ShouldHaveCorrectValue()
DA:304,0
DA:306,0
DA:307,0
FN:310,System.Void eShop.Domain.Tests.Entities.CatalogItemTests::CatalogItem_ShouldSupportAllPropertiesSet()
FNDA:0,System.Void eShop.Domain.Tests.Entities.CatalogItemTests::CatalogItem_ShouldSupportAllPropertiesSet()
DA:311,0
DA:313,0
DA:314,0
DA:317,0
DA:318,0
DA:319,0
DA:320,0
DA:321,0
DA:322,0
DA:323,0
DA:324,0
DA:325,0
DA:326,0
DA:327,0
DA:328,0
DA:329,0
DA:330,0
DA:331,0
DA:332,0
DA:333,0
DA:336,0
DA:337,0
DA:338,0
DA:339,0
DA:340,0
DA:341,0
DA:342,0
DA:343,0
DA:344,0
DA:345,0
DA:346,0
DA:347,0
DA:348,0
DA:349,0
DA:350,0
LF:162
LH:0
BRF:0
BRH:0
FNF:24
FNH:0
end_of_record
SF:/modernize-data/studio-data/TNT1001/APP1940/transformed-code/42/studio-workspace/comp_backend/src/eShop.Domain/Tests/Entities/CatalogTypeTests.cs
FN:9,System.Void eShop.Domain.Tests.Entities.CatalogTypeTests::Constructor_ShouldInitializeTypeAsEmpty()
FNDA:0,System.Void eShop.Domain.Tests.Entities.CatalogTypeTests::Constructor_ShouldInitializeTypeAsEmpty()
DA:10,0
DA:12,0
DA:15,0
DA:16,0
DA:17,0
FN:20,System.Void eShop.Domain.Tests.Entities.CatalogTypeTests::Id_ShouldBeSettableAndGettable()
FNDA:0,System.Void eShop.Domain.Tests.Entities.CatalogTypeTests::Id_ShouldBeSettableAndGettable()
DA:21,0
DA:23,0
DA:24,0
DA:27,0
DA:30,0
DA:31,0
FN:34,System.Void eShop.Domain.Tests.Entities.CatalogTypeTests::Id_ShouldSupportZeroValue()
FNDA:0,System.Void eShop.Domain.Tests.Entities.CatalogTypeTests::Id_ShouldSupportZeroValue()
DA:35,0
DA:37,0
DA:40,0
DA:43,0
DA:44,0
FN:47,System.Void eShop.Domain.Tests.Entities.CatalogTypeTests::Id_ShouldSupportNegativeValue()
FNDA:0,System.Void eShop.Domain.Tests.Entities.CatalogTypeTests::Id_ShouldSupportNegativeValue()
DA:48,0
DA:50,0
DA:53,0
DA:56,0
DA:57,0
FN:60,System.Void eShop.Domain.Tests.Entities.CatalogTypeTests::Type_ShouldBeSettableAndGettable()
FNDA:0,System.Void eShop.Domain.Tests.Entities.CatalogTypeTests::Type_ShouldBeSettableAndGettable()
DA:61,0
DA:63,0
DA:64,0
DA:67,0
DA:70,0
DA:71,0
FN:74,System.Void eShop.Domain.Tests.Entities.CatalogTypeTests::Type_ShouldSupportEmptyString()
FNDA:0,System.Void eShop.Domain.Tests.Entities.CatalogTypeTests::Type_ShouldSupportEmptyString()
DA:75,0
DA:77,0
DA:80,0
DA:83,0
DA:84,0
FN:87,System.Void eShop.Domain.Tests.Entities.CatalogTypeTests::Type_ShouldSupportLongStrings()
FNDA:0,System.Void eShop.Domain.Tests.Entities.CatalogTypeTests::Type_ShouldSupportLongStrings()
DA:88,0
DA:90,0
DA:91,0
DA:94,0
DA:97,0
DA:98,0
DA:99,0
FN:102,System.Void eShop.Domain.Tests.Entities.CatalogTypeTests::CatalogType_ShouldSupportAllPropertiesSet()
FNDA:0,System.Void eShop.Domain.Tests.Entities.CatalogTypeTests::CatalogType_ShouldSupportAllPropertiesSet()
DA:103,0
DA:105,0
DA:106,0
DA:107,0
DA:108,0
DA:109,0
DA:112,0
DA:113,0
DA:114,0
FN:117,System.Void eShop.Domain.Tests.Entities.CatalogTypeTests::CatalogType_ShouldSupportObjectInitializer()
FNDA:0,System.Void eShop.Domain.Tests.Entities.CatalogTypeTests::CatalogType_ShouldSupportObjectInitializer()
DA:118,0
DA:120,0
DA:121,0
DA:122,0
DA:123,0
DA:124,0
DA:127,0
DA:128,0
DA:129,0
DA:130,0
FN:133,System.Void eShop.Domain.Tests.Entities.CatalogTypeTests::Type_ShouldSupportSpecialCharacters()
FNDA:0,System.Void eShop.Domain.Tests.Entities.CatalogTypeTests::Type_ShouldSupportSpecialCharacters()
DA:134,0
DA:136,0
DA:137,0
DA:140,0
DA:143,0
DA:144,0
FN:147,System.Void eShop.Domain.Tests.Entities.CatalogTypeTests::Type_ShouldSupportUnicodeCharacters()
FNDA:0,System.Void eShop.Domain.Tests.Entities.CatalogTypeTests::Type_ShouldSupportUnicodeCharacters()
DA:148,0
DA:150,0
DA:151,0
DA:154,0
DA:157,0
DA:158,0
FN:161,System.Void eShop.Domain.Tests.Entities.CatalogTypeTests::Constructor_ShouldNotThrowException()
FNDA:0,System.Void eShop.Domain.Tests.Entities.CatalogTypeTests::Constructor_ShouldNotThrowException()
DA:162,0
DA:164,0
DA:167,0
DA:168,0
FN:171,System.Void eShop.Domain.Tests.Entities.CatalogTypeTests::Id_ShouldDefaultToZero()
FNDA:0,System.Void eShop.Domain.Tests.Entities.CatalogTypeTests::Id_ShouldDefaultToZero()
DA:172,0
DA:174,0
DA:177,0
DA:178,0
FN:181,System.Void eShop.Domain.Tests.Entities.CatalogTypeTests::Type_ShouldSupportMultipleWordsWithSpaces()
FNDA:0,System.Void eShop.Domain.Tests.Entities.CatalogTypeTests::Type_ShouldSupportMultipleWordsWithSpaces()
DA:182,0
DA:184,0
DA:185,0
DA:188,0
DA:191,0
DA:192,0
FN:195,System.Void eShop.Domain.Tests.Entities.CatalogTypeTests::CatalogType_ShouldAllowIdAndTypeToBeModifiedAfterCreation()
FNDA:0,System.Void eShop.Domain.Tests.Entities.CatalogTypeTests::CatalogType_ShouldAllowIdAndTypeToBeModifiedAfterCreation()
DA:196,0
DA:198,0
DA:199,0
DA:200,0
DA:201,0
DA:202,0
DA:205,0
DA:206,0
DA:209,0
DA:210,0
DA:211,0
LF:95
LH:0
BRF:0
BRH:0
FNF:15
FNH:0
end_of_record
SF:/modernize-data/studio-data/TNT1001/APP1940/transformed-code/42/studio-workspace/comp_backend/src/eShop.Domain/Entities/CatalogBrand.cs
FN:7,System.Int32 eShop.Domain.Entities.CatalogBrand::get_Id()
FNDA:4,System.Int32 eShop.Domain.Entities.CatalogBrand::get_Id()
DA:8,4
FN:8,System.String eShop.Domain.Entities.CatalogBrand::get_Brand()
FNDA:12,System.String eShop.Domain.Entities.CatalogBrand::get_Brand()
DA:9,12
LF:2
LH:2
BRF:0
BRH:0
FNF:2
FNH:2
end_of_record
SF:/modernize-data/studio-data/TNT1001/APP1940/transformed-code/42/studio-workspace/comp_backend/src/eShop.Domain/Entities/CatalogItem.cs
FN:14,System.Int32 eShop.Domain.Entities.CatalogItem::get_Id()
FNDA:12,System.Int32 eShop.Domain.Entities.CatalogItem::get_Id()
DA:15,12
FN:15,System.String eShop.Domain.Entities.CatalogItem::get_Name()
FNDA:18,System.String eShop.Domain.Entities.CatalogItem::get_Name()
DA:16,18
FN:16,System.String eShop.Domain.Entities.CatalogItem::get_Description()
FNDA:7,System.String eShop.Domain.Entities.CatalogItem::get_Description()
DA:17,7
FN:17,System.Decimal eShop.Domain.Entities.CatalogItem::get_Price()
FNDA:12,System.Decimal eShop.Domain.Entities.CatalogItem::get_Price()
DA:18,12
FN:18,System.String eShop.Domain.Entities.CatalogItem::get_PictureFileName()
FNDA:13,System.String eShop.Domain.Entities.CatalogItem::get_PictureFileName()
DA:19,13
FN:19,System.String eShop.Domain.Entities.CatalogItem::get_PictureUri()
FNDA:7,System.String eShop.Domain.Entities.CatalogItem::get_PictureUri()
DA:20,7
FN:20,System.Int32 eShop.Domain.Entities.CatalogItem::get_CatalogTypeId()
FNDA:12,System.Int32 eShop.Domain.Entities.CatalogItem::get_CatalogTypeId()
DA:21,12
FN:21,eShop.Domain.Entities.CatalogType eShop.Domain.Entities.CatalogItem::get_CatalogType()
FNDA:11,eShop.Domain.Entities.CatalogType eShop.Domain.Entities.CatalogItem::get_CatalogType()
DA:22,11
FN:22,System.Int32 eShop.Domain.Entities.CatalogItem::get_CatalogBrandId()
FNDA:12,System.Int32 eShop.Domain.Entities.CatalogItem::get_CatalogBrandId()
DA:23,12
FN:23,eShop.Domain.Entities.CatalogBrand eShop.Domain.Entities.CatalogItem::get_CatalogBrand()
FNDA:11,eShop.Domain.Entities.CatalogBrand eShop.Domain.Entities.CatalogItem::get_CatalogBrand()
DA:24,11
FN:24,System.Int32 eShop.Domain.Entities.CatalogItem::get_AvailableStock()
FNDA:7,System.Int32 eShop.Domain.Entities.CatalogItem::get_AvailableStock()
DA:25,7
FN:25,System.Int32 eShop.Domain.Entities.CatalogItem::get_RestockThreshold()
FNDA:7,System.Int32 eShop.Domain.Entities.CatalogItem::get_RestockThreshold()
DA:26,7
FN:26,System.Int32 eShop.Domain.Entities.CatalogItem::get_MaxStockThreshold()
FNDA:7,System.Int32 eShop.Domain.Entities.CatalogItem::get_MaxStockThreshold()
DA:27,7
FN:27,System.Boolean eShop.Domain.Entities.CatalogItem::get_OnReorder()
FNDA:7,System.Boolean eShop.Domain.Entities.CatalogItem::get_OnReorder()
DA:28,7
FN:9,System.Void eShop.Domain.Entities.CatalogItem::.ctor()
FNDA:6,System.Void eShop.Domain.Entities.CatalogItem::.ctor()
DA:10,6
DA:11,6
DA:12,6
DA:13,6
LF:18
LH:18
BRF:0
BRH:0
FNF:15
FNH:15
end_of_record
SF:/modernize-data/studio-data/TNT1001/APP1940/transformed-code/42/studio-workspace/comp_backend/src/eShop.Domain/Entities/CatalogType.cs
FN:7,System.Int32 eShop.Domain.Entities.CatalogType::get_Id()
FNDA:4,System.Int32 eShop.Domain.Entities.CatalogType::get_Id()
DA:8,4
FN:8,System.String eShop.Domain.Entities.CatalogType::get_Type()
FNDA:12,System.String eShop.Domain.Entities.CatalogType::get_Type()
DA:9,12
LF:2
LH:2
BRF:0
BRH:0
FNF:2
FNH:2
end_of_record