SF:/home/studioai/.nuget/packages/microsoft.net.test.sdk/17.8.0/build/netcoreapp3.1/Microsoft.NET.Test.Sdk.Program.cs
FN:3,System.Void AutoGeneratedProgram::Main(System.String[])
FNDA:0,System.Void AutoGeneratedProgram::Main(System.String[])
DA:4,0
LF:1
LH:0
BRF:0
BRH:0
FNF:1
FNH:0
end_of_record
SF:/modernize-data/studio-data/TNT1001/APP1940/transformed-code/42/studio-workspace/comp_backend/src/eShop.Infrastructure/Repositories/CatalogBrandRepository.cs
FN:16,System.Void eShop.Infrastructure.Repositories.CatalogBrandRepository::.ctor(eShop.Infrastructure.Data.CatalogDbContext,Microsoft.Extensions.Logging.ILogger`1<eShop.Infrastructure.Repositories.CatalogBrandRepository>)
FNDA:0,System.Void eShop.Infrastructure.Repositories.CatalogBrandRepository::.ctor(eShop.Infrastructure.Data.CatalogDbContext,Microsoft.Extensions.Logging.ILogger`1<eShop.Infrastructure.Repositories.CatalogBrandRepository>)
DA:17,0
DA:18,0
DA:19,0
DA:20,0
DA:21,0
BRDA:19,11,0,0
BRDA:19,11,1,0
BRDA:20,33,0,0
BRDA:20,33,1,0
FN:23,System.Void eShop.Infrastructure.Repositories.CatalogBrandRepository/<GetAllAsync>d__3::MoveNext()
FNDA:0,System.Void eShop.Infrastructure.Repositories.CatalogBrandRepository/<GetAllAsync>d__3::MoveNext()
DA:24,0
DA:26,0
DA:27,0
DA:28,0
DA:29,0
DA:31,0
DA:32,0
DA:33,0
DA:34,0
DA:36,0
FN:38,System.Void eShop.Infrastructure.Repositories.CatalogBrandRepository/<GetByIdAsync>d__4::MoveNext()
FNDA:0,System.Void eShop.Infrastructure.Repositories.CatalogBrandRepository/<GetByIdAsync>d__4::MoveNext()
DA:39,0
DA:41,0
DA:42,0
DA:43,0
DA:44,0
DA:46,0
DA:47,0
DA:48,0
DA:49,0
DA:51,0
LF:25
LH:0
BRF:4
BRH:0
FNF:3
FNH:0
end_of_record
SF:/modernize-data/studio-data/TNT1001/APP1940/transformed-code/42/studio-workspace/comp_backend/src/eShop.Infrastructure/Repositories/CatalogItemRepository.cs
FN:16,System.Void eShop.Infrastructure.Repositories.CatalogItemRepository::.ctor(eShop.Infrastructure.Data.CatalogDbContext,Microsoft.Extensions.Logging.ILogger`1<eShop.Infrastructure.Repositories.CatalogItemRepository>)
FNDA:0,System.Void eShop.Infrastructure.Repositories.CatalogItemRepository::.ctor(eShop.Infrastructure.Data.CatalogDbContext,Microsoft.Extensions.Logging.ILogger`1<eShop.Infrastructure.Repositories.CatalogItemRepository>)
DA:17,0
DA:18,0
DA:19,0
DA:20,0
DA:21,0
BRDA:19,11,0,0
BRDA:19,11,1,0
BRDA:20,33,0,0
BRDA:20,33,1,0
FN:84,System.Void eShop.Infrastructure.Repositories.CatalogItemRepository/<AddAsync>d__6::MoveNext()
FNDA:0,System.Void eShop.Infrastructure.Repositories.CatalogItemRepository/<AddAsync>d__6::MoveNext()
DA:85,0
DA:87,0
DA:88,0
DA:89,0
DA:90,0
DA:92,0
DA:93,0
DA:94,0
DA:95,0
DA:97,0
FN:113,System.Void eShop.Infrastructure.Repositories.CatalogItemRepository/<DeleteAsync>d__8::MoveNext()
FNDA:0,System.Void eShop.Infrastructure.Repositories.CatalogItemRepository/<DeleteAsync>d__8::MoveNext()
DA:114,0
DA:116,0
DA:117,0
DA:118,0
DA:119,0
DA:120,0
DA:121,0
DA:122,0
DA:123,0
DA:124,0
DA:125,0
DA:126,0
DA:127,0
DA:129,0
BRDA:118,213,0,0
BRDA:118,213,1,0
FN:131,System.Void eShop.Infrastructure.Repositories.CatalogItemRepository/<ExistsAsync>d__9::MoveNext()
FNDA:0,System.Void eShop.Infrastructure.Repositories.CatalogItemRepository/<ExistsAsync>d__9::MoveNext()
DA:132,0
DA:134,0
DA:135,0
DA:137,0
DA:138,0
DA:139,0
DA:140,0
DA:142,0
FN:23,System.Void eShop.Infrastructure.Repositories.CatalogItemRepository/<GetAllAsync>d__3::MoveNext()
FNDA:0,System.Void eShop.Infrastructure.Repositories.CatalogItemRepository/<GetAllAsync>d__3::MoveNext()
DA:24,0
DA:26,0
DA:27,0
DA:28,0
DA:29,0
DA:30,0
DA:31,0
DA:33,0
DA:34,0
DA:35,0
DA:36,0
DA:38,0
FN:40,System.Void eShop.Infrastructure.Repositories.CatalogItemRepository/<GetByIdAsync>d__4::MoveNext()
FNDA:0,System.Void eShop.Infrastructure.Repositories.CatalogItemRepository/<GetByIdAsync>d__4::MoveNext()
DA:41,0
DA:43,0
DA:44,0
DA:45,0
DA:46,0
DA:47,0
DA:48,0
DA:50,0
DA:51,0
DA:52,0
DA:53,0
DA:55,0
FN:60,System.Void eShop.Infrastructure.Repositories.CatalogItemRepository/<GetPaginatedAsync>d__5::MoveNext()
FNDA:0,System.Void eShop.Infrastructure.Repositories.CatalogItemRepository/<GetPaginatedAsync>d__5::MoveNext()
DA:61,0
DA:63,0
DA:64,0
DA:66,0
DA:67,0
DA:68,0
DA:69,0
DA:70,0
DA:71,0
DA:72,0
DA:73,0
DA:75,0
DA:77,0
DA:78,0
DA:79,0
DA:80,0
DA:82,0
FN:99,System.Void eShop.Infrastructure.Repositories.CatalogItemRepository/<UpdateAsync>d__7::MoveNext()
FNDA:0,System.Void eShop.Infrastructure.Repositories.CatalogItemRepository/<UpdateAsync>d__7::MoveNext()
DA:100,0
DA:102,0
DA:103,0
DA:104,0
DA:105,0
DA:106,0
DA:107,0
DA:108,0
DA:109,0
DA:111,0
LF:88
LH:0
BRF:6
BRH:0
FNF:8
FNH:0
end_of_record
SF:/modernize-data/studio-data/TNT1001/APP1940/transformed-code/42/studio-workspace/comp_backend/src/eShop.Infrastructure/Repositories/CatalogTypeRepository.cs
FN:16,System.Void eShop.Infrastructure.Repositories.CatalogTypeRepository::.ctor(eShop.Infrastructure.Data.CatalogDbContext,Microsoft.Extensions.Logging.ILogger`1<eShop.Infrastructure.Repositories.CatalogTypeRepository>)
FNDA:0,System.Void eShop.Infrastructure.Repositories.CatalogTypeRepository::.ctor(eShop.Infrastructure.Data.CatalogDbContext,Microsoft.Extensions.Logging.ILogger`1<eShop.Infrastructure.Repositories.CatalogTypeRepository>)
DA:17,0
DA:18,0
DA:19,0
DA:20,0
DA:21,0
BRDA:19,11,0,0
BRDA:19,11,1,0
BRDA:20,33,0,0
BRDA:20,33,1,0
FN:23,System.Void eShop.Infrastructure.Repositories.CatalogTypeRepository/<GetAllAsync>d__3::MoveNext()
FNDA:0,System.Void eShop.Infrastructure.Repositories.CatalogTypeRepository/<GetAllAsync>d__3::MoveNext()
DA:24,0
DA:26,0
DA:27,0
DA:28,0
DA:29,0
DA:31,0
DA:32,0
DA:33,0
DA:34,0
DA:36,0
FN:38,System.Void eShop.Infrastructure.Repositories.CatalogTypeRepository/<GetByIdAsync>d__4::MoveNext()
FNDA:0,System.Void eShop.Infrastructure.Repositories.CatalogTypeRepository/<GetByIdAsync>d__4::MoveNext()
DA:39,0
DA:41,0
DA:42,0
DA:43,0
DA:44,0
DA:46,0
DA:47,0
DA:48,0
DA:49,0
DA:51,0
LF:25
LH:0
BRF:4
BRH:0
FNF:3
FNH:0
end_of_record
SF:/modernize-data/studio-data/TNT1001/APP1940/transformed-code/42/studio-workspace/comp_backend/src/eShop.Infrastructure/Data/CatalogDbContext.cs
FN:14,Microsoft.EntityFrameworkCore.DbSet`1<eShop.Domain.Entities.CatalogItem> eShop.Infrastructure.Data.CatalogDbContext::get_CatalogItems()
FNDA:0,Microsoft.EntityFrameworkCore.DbSet`1<eShop.Domain.Entities.CatalogItem> eShop.Infrastructure.Data.CatalogDbContext::get_CatalogItems()
DA:15,0
FN:15,Microsoft.EntityFrameworkCore.DbSet`1<eShop.Domain.Entities.CatalogBrand> eShop.Infrastructure.Data.CatalogDbContext::get_CatalogBrands()
FNDA:0,Microsoft.EntityFrameworkCore.DbSet`1<eShop.Domain.Entities.CatalogBrand> eShop.Infrastructure.Data.CatalogDbContext::get_CatalogBrands()
DA:16,0
FN:16,Microsoft.EntityFrameworkCore.DbSet`1<eShop.Domain.Entities.CatalogType> eShop.Infrastructure.Data.CatalogDbContext::get_CatalogTypes()
FNDA:0,Microsoft.EntityFrameworkCore.DbSet`1<eShop.Domain.Entities.CatalogType> eShop.Infrastructure.Data.CatalogDbContext::get_CatalogTypes()
DA:17,0
FN:19,System.Void eShop.Infrastructure.Data.CatalogDbContext::OnModelCreating(Microsoft.EntityFrameworkCore.ModelBuilder)
FNDA:0,System.Void eShop.Infrastructure.Data.CatalogDbContext::OnModelCreating(Microsoft.EntityFrameworkCore.ModelBuilder)
DA:20,0
DA:21,0
DA:22,0
DA:23,0
FN:10,System.Void eShop.Infrastructure.Data.CatalogDbContext::.ctor(Microsoft.EntityFrameworkCore.DbContextOptions`1<eShop.Infrastructure.Data.CatalogDbContext>)
FNDA:0,System.Void eShop.Infrastructure.Data.CatalogDbContext::.ctor(Microsoft.EntityFrameworkCore.DbContextOptions`1<eShop.Infrastructure.Data.CatalogDbContext>)
DA:11,0
DA:12,0
DA:13,0
LF:10
LH:0
BRF:0
BRH:0
FNF:5
FNH:0
end_of_record
SF:/modernize-data/studio-data/TNT1001/APP1940/transformed-code/42/studio-workspace/comp_backend/src/eShop.Infrastructure/Data/Configurations/CatalogBrandConfiguration.cs
FN:12,System.Void eShop.Infrastructure.Data.Configurations.CatalogBrandConfiguration::Configure(Microsoft.EntityFrameworkCore.Metadata.Builders.EntityTypeBuilder`1<eShop.Domain.Entities.CatalogBrand>)
FNDA:0,System.Void eShop.Infrastructure.Data.Configurations.CatalogBrandConfiguration::Configure(Microsoft.EntityFrameworkCore.Metadata.Builders.EntityTypeBuilder`1<eShop.Domain.Entities.CatalogBrand>)
DA:13,0
DA:14,0
DA:16,0
DA:18,0
DA:19,0
DA:21,0
DA:22,0
DA:23,0
DA:24,0
LF:9
LH:0
BRF:0
BRH:0
FNF:1
FNH:0
end_of_record
SF:/modernize-data/studio-data/TNT1001/APP1940/transformed-code/42/studio-workspace/comp_backend/src/eShop.Infrastructure/Data/Configurations/CatalogItemConfiguration.cs
FN:12,System.Void eShop.Infrastructure.Data.Configurations.CatalogItemConfiguration::Configure(Microsoft.EntityFrameworkCore.Metadata.Builders.EntityTypeBuilder`1<eShop.Domain.Entities.CatalogItem>)
FNDA:0,System.Void eShop.Infrastructure.Data.Configurations.CatalogItemConfiguration::Configure(Microsoft.EntityFrameworkCore.Metadata.Builders.EntityTypeBuilder`1<eShop.Domain.Entities.CatalogItem>)
DA:13,0
DA:14,0
DA:16,0
DA:18,0
DA:19,0
DA:20,0
DA:22,0
DA:23,0
DA:24,0
DA:26,0
DA:27,0
DA:29,0
DA:30,0
DA:31,0
DA:33,0
DA:34,0
DA:35,0
DA:37,0
DA:39,0
DA:40,0
DA:41,0
DA:42,0
DA:44,0
DA:45,0
DA:46,0
DA:47,0
DA:49,0
DA:50,0
DA:52,0
DA:53,0
DA:55,0
DA:56,0
DA:58,0
DA:59,0
DA:60,0
LF:35
LH:0
BRF:0
BRH:0
FNF:1
FNH:0
end_of_record
SF:/modernize-data/studio-data/TNT1001/APP1940/transformed-code/42/studio-workspace/comp_backend/src/eShop.Infrastructure/Data/Configurations/CatalogTypeConfiguration.cs
FN:12,System.Void eShop.Infrastructure.Data.Configurations.CatalogTypeConfiguration::Configure(Microsoft.EntityFrameworkCore.Metadata.Builders.EntityTypeBuilder`1<eShop.Domain.Entities.CatalogType>)
FNDA:0,System.Void eShop.Infrastructure.Data.Configurations.CatalogTypeConfiguration::Configure(Microsoft.EntityFrameworkCore.Metadata.Builders.EntityTypeBuilder`1<eShop.Domain.Entities.CatalogType>)
DA:13,0
DA:14,0
DA:16,0
DA:18,0
DA:19,0
DA:21,0
DA:22,0
DA:23,0
DA:24,0
LF:9
LH:0
BRF:0
BRH:0
FNF:1
FNH:0
end_of_record
SF:/home/studioai/.nuget/packages/microsoft.net.test.sdk/17.8.0/build/netcoreapp3.1/Microsoft.NET.Test.Sdk.Program.cs
FN:3,System.Void AutoGeneratedProgram::Main(System.String[])
FNDA:0,System.Void AutoGeneratedProgram::Main(System.String[])
DA:4,0
LF:1
LH:0
BRF:0
BRH:0
FNF:1
FNH:0
end_of_record
SF:/modernize-data/studio-data/TNT1001/APP1940/transformed-code/42/studio-workspace/comp_backend/src/eShop.Application/Services/CatalogService.cs
FN:17,System.Void eShop.Application.Services.CatalogService::.ctor(eShop.Domain.Interfaces.Repositories.ICatalogItemRepository,eShop.Domain.Interfaces.Repositories.ICatalogBrandRepository,eShop.Domain.Interfaces.Repositories.ICatalogTypeRepository,Microsoft.Extensions.Logging.ILogger`1<eShop.Application.Services.CatalogService>)
FNDA:0,System.Void eShop.Application.Services.CatalogService::.ctor(eShop.Domain.Interfaces.Repositories.ICatalogItemRepository,eShop.Domain.Interfaces.Repositories.ICatalogBrandRepository,eShop.Domain.Interfaces.Repositories.ICatalogTypeRepository,Microsoft.Extensions.Logging.ILogger`1<eShop.Application.Services.CatalogService>)
DA:18,0
DA:19,0
DA:20,0
DA:21,0
DA:22,0
DA:23,0
DA:24,0
DA:25,0
DA:26,0
DA:27,0
DA:28,0
BRDA:24,11,0,0
BRDA:24,11,1,0
BRDA:25,33,0,0
BRDA:25,33,1,0
BRDA:26,55,0,0
BRDA:26,55,1,0
BRDA:27,78,0,0
BRDA:27,78,1,0
FN:89,System.Void eShop.Application.Services.CatalogService/<CreateCatalogItemAsync>d__9::MoveNext()
FNDA:0,System.Void eShop.Application.Services.CatalogService/<CreateCatalogItemAsync>d__9::MoveNext()
DA:90,0
DA:92,0
DA:93,0
DA:94,0
DA:96,0
DA:97,0
DA:98,0
DA:99,0
DA:101,0
FN:117,System.Void eShop.Application.Services.CatalogService/<DeleteCatalogItemAsync>d__11::MoveNext()
FNDA:0,System.Void eShop.Application.Services.CatalogService/<DeleteCatalogItemAsync>d__11::MoveNext()
DA:118,0
DA:120,0
DA:121,0
DA:122,0
DA:123,0
DA:124,0
DA:125,0
DA:126,0
DA:127,0
DA:129,0
FN:75,System.Void eShop.Application.Services.CatalogService/<GetCatalogBrandsAsync>d__8::MoveNext()
FNDA:0,System.Void eShop.Application.Services.CatalogService/<GetCatalogBrandsAsync>d__8::MoveNext()
DA:76,0
DA:78,0
DA:79,0
DA:80,0
DA:82,0
DA:83,0
DA:84,0
DA:85,0
DA:87,0
FN:47,System.Void eShop.Application.Services.CatalogService/<GetCatalogItemByIdAsync>d__6::MoveNext()
FNDA:0,System.Void eShop.Application.Services.CatalogService/<GetCatalogItemByIdAsync>d__6::MoveNext()
DA:48,0
DA:50,0
DA:51,0
DA:52,0
DA:54,0
DA:55,0
DA:56,0
DA:57,0
DA:59,0
FN:33,System.Void eShop.Application.Services.CatalogService/<GetCatalogItemsPaginatedAsync>d__5::MoveNext()
FNDA:0,System.Void eShop.Application.Services.CatalogService/<GetCatalogItemsPaginatedAsync>d__5::MoveNext()
DA:34,0
DA:36,0
DA:37,0
DA:38,0
DA:40,0
DA:41,0
DA:42,0
DA:43,0
DA:45,0
FN:61,System.Void eShop.Application.Services.CatalogService/<GetCatalogTypesAsync>d__7::MoveNext()
FNDA:0,System.Void eShop.Application.Services.CatalogService/<GetCatalogTypesAsync>d__7::MoveNext()
DA:62,0
DA:64,0
DA:65,0
DA:66,0
DA:68,0
DA:69,0
DA:70,0
DA:71,0
DA:73,0
FN:103,System.Void eShop.Application.Services.CatalogService/<UpdateCatalogItemAsync>d__10::MoveNext()
FNDA:0,System.Void eShop.Application.Services.CatalogService/<UpdateCatalogItemAsync>d__10::MoveNext()
DA:104,0
DA:106,0
DA:107,0
DA:108,0
DA:109,0
DA:110,0
DA:111,0
DA:112,0
DA:113,0
DA:115,0
LF:76
LH:0
BRF:8
BRH:0
FNF:8
FNH:0
end_of_record
SF:/modernize-data/studio-data/TNT1001/APP1940/transformed-code/42/studio-workspace/comp_backend/src/eShop.Application/DTOs/CatalogItemDto.cs
FN:7,System.Int32 eShop.Application.DTOs.CatalogItemDto::get_Id()
FNDA:0,System.Int32 eShop.Application.DTOs.CatalogItemDto::get_Id()
DA:8,0
FN:8,System.String eShop.Application.DTOs.CatalogItemDto::get_Name()
FNDA:0,System.String eShop.Application.DTOs.CatalogItemDto::get_Name()
DA:9,0
FN:9,System.String eShop.Application.DTOs.CatalogItemDto::get_Description()
FNDA:0,System.String eShop.Application.DTOs.CatalogItemDto::get_Description()
DA:10,0
FN:10,System.Decimal eShop.Application.DTOs.CatalogItemDto::get_Price()
FNDA:0,System.Decimal eShop.Application.DTOs.CatalogItemDto::get_Price()
DA:11,0
FN:11,System.String eShop.Application.DTOs.CatalogItemDto::get_PictureFileName()
FNDA:0,System.String eShop.Application.DTOs.CatalogItemDto::get_PictureFileName()
DA:12,0
FN:12,System.String eShop.Application.DTOs.CatalogItemDto::get_PictureUri()
FNDA:0,System.String eShop.Application.DTOs.CatalogItemDto::get_PictureUri()
DA:13,0
FN:13,System.Int32 eShop.Application.DTOs.CatalogItemDto::get_CatalogTypeId()
FNDA:0,System.Int32 eShop.Application.DTOs.CatalogItemDto::get_CatalogTypeId()
DA:14,0
FN:14,System.String eShop.Application.DTOs.CatalogItemDto::get_CatalogType()
FNDA:0,System.String eShop.Application.DTOs.CatalogItemDto::get_CatalogType()
DA:15,0
FN:15,System.Int32 eShop.Application.DTOs.CatalogItemDto::get_CatalogBrandId()
FNDA:0,System.Int32 eShop.Application.DTOs.CatalogItemDto::get_CatalogBrandId()
DA:16,0
FN:16,System.String eShop.Application.DTOs.CatalogItemDto::get_CatalogBrand()
FNDA:0,System.String eShop.Application.DTOs.CatalogItemDto::get_CatalogBrand()
DA:17,0
FN:17,System.Int32 eShop.Application.DTOs.CatalogItemDto::get_AvailableStock()
FNDA:0,System.Int32 eShop.Application.DTOs.CatalogItemDto::get_AvailableStock()
DA:18,0
FN:18,System.Int32 eShop.Application.DTOs.CatalogItemDto::get_RestockThreshold()
FNDA:0,System.Int32 eShop.Application.DTOs.CatalogItemDto::get_RestockThreshold()
DA:19,0
FN:19,System.Int32 eShop.Application.DTOs.CatalogItemDto::get_MaxStockThreshold()
FNDA:0,System.Int32 eShop.Application.DTOs.CatalogItemDto::get_MaxStockThreshold()
DA:20,0
FN:20,System.Boolean eShop.Application.DTOs.CatalogItemDto::get_OnReorder()
FNDA:0,System.Boolean eShop.Application.DTOs.CatalogItemDto::get_OnReorder()
DA:21,0
FN:28,System.String eShop.Application.DTOs.CatalogItemCreateDto::get_Name()
FNDA:0,System.String eShop.Application.DTOs.CatalogItemCreateDto::get_Name()
DA:29,0
FN:29,System.String eShop.Application.DTOs.CatalogItemCreateDto::get_Description()
FNDA:0,System.String eShop.Application.DTOs.CatalogItemCreateDto::get_Description()
DA:30,0
FN:30,System.Decimal eShop.Application.DTOs.CatalogItemCreateDto::get_Price()
FNDA:0,System.Decimal eShop.Application.DTOs.CatalogItemCreateDto::get_Price()
DA:31,0
FN:31,System.String eShop.Application.DTOs.CatalogItemCreateDto::get_PictureFileName()
FNDA:0,System.String eShop.Application.DTOs.CatalogItemCreateDto::get_PictureFileName()
DA:32,0
FN:32,System.Int32 eShop.Application.DTOs.CatalogItemCreateDto::get_CatalogTypeId()
FNDA:0,System.Int32 eShop.Application.DTOs.CatalogItemCreateDto::get_CatalogTypeId()
DA:33,0
FN:33,System.Int32 eShop.Application.DTOs.CatalogItemCreateDto::get_CatalogBrandId()
FNDA:0,System.Int32 eShop.Application.DTOs.CatalogItemCreateDto::get_CatalogBrandId()
DA:34,0
FN:34,System.Int32 eShop.Application.DTOs.CatalogItemCreateDto::get_AvailableStock()
FNDA:0,System.Int32 eShop.Application.DTOs.CatalogItemCreateDto::get_AvailableStock()
DA:35,0
FN:35,System.Int32 eShop.Application.DTOs.CatalogItemCreateDto::get_RestockThreshold()
FNDA:0,System.Int32 eShop.Application.DTOs.CatalogItemCreateDto::get_RestockThreshold()
DA:36,0
FN:36,System.Int32 eShop.Application.DTOs.CatalogItemCreateDto::get_MaxStockThreshold()
FNDA:0,System.Int32 eShop.Application.DTOs.CatalogItemCreateDto::get_MaxStockThreshold()
DA:37,0
FN:37,System.Boolean eShop.Application.DTOs.CatalogItemCreateDto::get_OnReorder()
FNDA:0,System.Boolean eShop.Application.DTOs.CatalogItemCreateDto::get_OnReorder()
DA:38,0
FN:45,System.Int32 eShop.Application.DTOs.CatalogItemUpdateDto::get_Id()
FNDA:0,System.Int32 eShop.Application.DTOs.CatalogItemUpdateDto::get_Id()
DA:46,0
FN:46,System.String eShop.Application.DTOs.CatalogItemUpdateDto::get_Name()
FNDA:0,System.String eShop.Application.DTOs.CatalogItemUpdateDto::get_Name()
DA:47,0
FN:47,System.String eShop.Application.DTOs.CatalogItemUpdateDto::get_Description()
FNDA:0,System.String eShop.Application.DTOs.CatalogItemUpdateDto::get_Description()
DA:48,0
FN:48,System.Decimal eShop.Application.DTOs.CatalogItemUpdateDto::get_Price()
FNDA:0,System.Decimal eShop.Application.DTOs.CatalogItemUpdateDto::get_Price()
DA:49,0
FN:49,System.String eShop.Application.DTOs.CatalogItemUpdateDto::get_PictureFileName()
FNDA:0,System.String eShop.Application.DTOs.CatalogItemUpdateDto::get_PictureFileName()
DA:50,0
FN:50,System.Int32 eShop.Application.DTOs.CatalogItemUpdateDto::get_CatalogTypeId()
FNDA:0,System.Int32 eShop.Application.DTOs.CatalogItemUpdateDto::get_CatalogTypeId()
DA:51,0
FN:51,System.Int32 eShop.Application.DTOs.CatalogItemUpdateDto::get_CatalogBrandId()
FNDA:0,System.Int32 eShop.Application.DTOs.CatalogItemUpdateDto::get_CatalogBrandId()
DA:52,0
FN:52,System.Int32 eShop.Application.DTOs.CatalogItemUpdateDto::get_AvailableStock()
FNDA:0,System.Int32 eShop.Application.DTOs.CatalogItemUpdateDto::get_AvailableStock()
DA:53,0
FN:53,System.Int32 eShop.Application.DTOs.CatalogItemUpdateDto::get_RestockThreshold()
FNDA:0,System.Int32 eShop.Application.DTOs.CatalogItemUpdateDto::get_RestockThreshold()
DA:54,0
FN:54,System.Int32 eShop.Application.DTOs.CatalogItemUpdateDto::get_MaxStockThreshold()
FNDA:0,System.Int32 eShop.Application.DTOs.CatalogItemUpdateDto::get_MaxStockThreshold()
DA:55,0
FN:55,System.Boolean eShop.Application.DTOs.CatalogItemUpdateDto::get_OnReorder()
FNDA:0,System.Boolean eShop.Application.DTOs.CatalogItemUpdateDto::get_OnReorder()
DA:56,0
LF:35
LH:0
BRF:0
BRH:0
FNF:35
FNH:0
end_of_record
SF:/home/studioai/.nuget/packages/microsoft.net.test.sdk/17.8.0/build/netcoreapp3.1/Microsoft.NET.Test.Sdk.Program.cs
FN:3,System.Void AutoGeneratedProgram::Main(System.String[])
FNDA:0,System.Void AutoGeneratedProgram::Main(System.String[])
DA:4,0
LF:1
LH:0
BRF:0
BRH:0
FNF:1
FNH:0
end_of_record
SF:/modernize-data/studio-data/TNT1001/APP1940/transformed-code/42/studio-workspace/comp_backend/src/eShop.Domain/Entities/CatalogBrand.cs
FN:7,System.Int32 eShop.Domain.Entities.CatalogBrand::get_Id()
FNDA:0,System.Int32 eShop.Domain.Entities.CatalogBrand::get_Id()
DA:8,0
FN:8,System.String eShop.Domain.Entities.CatalogBrand::get_Brand()
FNDA:0,System.String eShop.Domain.Entities.CatalogBrand::get_Brand()
DA:9,0
LF:2
LH:0
BRF:0
BRH:0
FNF:2
FNH:0
end_of_record
SF:/modernize-data/studio-data/TNT1001/APP1940/transformed-code/42/studio-workspace/comp_backend/src/eShop.Domain/Entities/CatalogItem.cs
FN:14,System.Int32 eShop.Domain.Entities.CatalogItem::get_Id()
FNDA:0,System.Int32 eShop.Domain.Entities.CatalogItem::get_Id()
DA:15,0
FN:15,System.String eShop.Domain.Entities.CatalogItem::get_Name()
FNDA:0,System.String eShop.Domain.Entities.CatalogItem::get_Name()
DA:16,0
FN:16,System.String eShop.Domain.Entities.CatalogItem::get_Description()
FNDA:0,System.String eShop.Domain.Entities.CatalogItem::get_Description()
DA:17,0
FN:17,System.Decimal eShop.Domain.Entities.CatalogItem::get_Price()
FNDA:0,System.Decimal eShop.Domain.Entities.CatalogItem::get_Price()
DA:18,0
FN:18,System.String eShop.Domain.Entities.CatalogItem::get_PictureFileName()
FNDA:0,System.String eShop.Domain.Entities.CatalogItem::get_PictureFileName()
DA:19,0
FN:19,System.String eShop.Domain.Entities.CatalogItem::get_PictureUri()
FNDA:0,System.String eShop.Domain.Entities.CatalogItem::get_PictureUri()
DA:20,0
FN:20,System.Int32 eShop.Domain.Entities.CatalogItem::get_CatalogTypeId()
FNDA:0,System.Int32 eShop.Domain.Entities.CatalogItem::get_CatalogTypeId()
DA:21,0
FN:21,eShop.Domain.Entities.CatalogType eShop.Domain.Entities.CatalogItem::get_CatalogType()
FNDA:0,eShop.Domain.Entities.CatalogType eShop.Domain.Entities.CatalogItem::get_CatalogType()
DA:22,0
FN:22,System.Int32 eShop.Domain.Entities.CatalogItem::get_CatalogBrandId()
FNDA:0,System.Int32 eShop.Domain.Entities.CatalogItem::get_CatalogBrandId()
DA:23,0
FN:23,eShop.Domain.Entities.CatalogBrand eShop.Domain.Entities.CatalogItem::get_CatalogBrand()
FNDA:0,eShop.Domain.Entities.CatalogBrand eShop.Domain.Entities.CatalogItem::get_CatalogBrand()
DA:24,0
FN:24,System.Int32 eShop.Domain.Entities.CatalogItem::get_AvailableStock()
FNDA:0,System.Int32 eShop.Domain.Entities.CatalogItem::get_AvailableStock()
DA:25,0
FN:25,System.Int32 eShop.Domain.Entities.CatalogItem::get_RestockThreshold()
FNDA:0,System.Int32 eShop.Domain.Entities.CatalogItem::get_RestockThreshold()
DA:26,0
FN:26,System.Int32 eShop.Domain.Entities.CatalogItem::get_MaxStockThreshold()
FNDA:0,System.Int32 eShop.Domain.Entities.CatalogItem::get_MaxStockThreshold()
DA:27,0
FN:27,System.Boolean eShop.Domain.Entities.CatalogItem::get_OnReorder()
FNDA:0,System.Boolean eShop.Domain.Entities.CatalogItem::get_OnReorder()
DA:28,0
FN:9,System.Void eShop.Domain.Entities.CatalogItem::.ctor()
FNDA:0,System.Void eShop.Domain.Entities.CatalogItem::.ctor()
DA:10,0
DA:11,0
DA:12,0
DA:13,0
LF:18
LH:0
BRF:0
BRH:0
FNF:15
FNH:0
end_of_record
SF:/modernize-data/studio-data/TNT1001/APP1940/transformed-code/42/studio-workspace/comp_backend/src/eShop.Domain/Entities/CatalogType.cs
FN:7,System.Int32 eShop.Domain.Entities.CatalogType::get_Id()
FNDA:0,System.Int32 eShop.Domain.Entities.CatalogType::get_Id()
DA:8,0
FN:8,System.String eShop.Domain.Entities.CatalogType::get_Type()
FNDA:0,System.String eShop.Domain.Entities.CatalogType::get_Type()
DA:9,0
LF:2
LH:0
BRF:0
BRH:0
FNF:2
FNH:0
end_of_record